<?xml version="1.0" encoding="utf-8"?>
<robot generated="20250225 13:12:44.430" generator="Rebot 6.0.2 (Python 3.12.4 on win32)" rpa="false" schemaversion="3">
 <suite id="s1" name="Tests" source="C:\SAP_Testing\SAPtesting\Tests">
  <kw name="Setup highest level suite" type="SETUP">
   <kw library="BuiltIn" name="Set Variable">
    <var>
     ${d.test_server}
    </var>
    <arg>
     ${test_server}
    </arg>
    <doc>
     Returns the given values which can then be assigned to a variables.
    </doc>
    <msg level="INFO" timestamp="20250225 13:12:38.981">
     ${d.test_server} = Dev
    </msg>
    <status endtime="20250225 13:12:38.981" starttime="20250225 13:12:38.981" status="PASS"/>
   </kw>
   <kw library="Support" name="Reset screenshot count variable">
    <kw library="BuiltIn" name="Set Variable">
     <var>
      ${screenshotCount}
     </var>
     <arg>
      ${PABOTQUEUEINDEX}_1
     </arg>
     <doc>
      Returns the given values which can then be assigned to a variables.
     </doc>
     <msg level="INFO" timestamp="20250225 13:12:38.982">
      ${screenshotCount} = 0_1
     </msg>
     <status endtime="20250225 13:12:38.982" starttime="20250225 13:12:38.982" status="PASS"/>
    </kw>
    <kw library="BuiltIn" name="Set Global Variable">
     <arg>
      ${screenshotCount}
     </arg>
     <doc>
      Makes a variable available globally in all tests and suites.
     </doc>
     <msg level="INFO" timestamp="20250225 13:12:38.983">
      ${screenshotCount} = 0_1
     </msg>
     <status endtime="20250225 13:12:38.983" starttime="20250225 13:12:38.982" status="PASS"/>
    </kw>
    <kw library="Support" name="Set up screenshot directory">
     <kw library="OperatingSystem" name="Create Directory">
      <arg>
       ${OUTPUTDIR}${/}${wvar('screenshot_dir')}
      </arg>
      <doc>
       Creates the specified directory.
      </doc>
      <msg level="INFO" timestamp="20250225 13:12:38.984">
       Web.Dev.screenshot_dir: Screenshot
      </msg>
      <msg html="true" level="INFO" timestamp="20250225 13:12:38.989">
       Created directory '&lt;a href="file://C:\SAP_Testing\SAPtesting\Output\pabot_results\0\Screenshot"&gt;C:\SAP_Testing\SAPtesting\Output\pabot_results\0\Screenshot&lt;/a&gt;'.
      </msg>
      <status endtime="20250225 13:12:38.989" starttime="20250225 13:12:38.983" status="PASS"/>
     </kw>
     <status endtime="20250225 13:12:38.989" starttime="20250225 13:12:38.983" status="PASS"/>
    </kw>
    <status endtime="20250225 13:12:38.989" starttime="20250225 13:12:38.981" status="PASS"/>
   </kw>
   <kw library="BuiltIn" name="Set Global Variable">
    <arg>
     ${screenshot_taking}
    </arg>
    <arg>
     ${True}
    </arg>
    <doc>
     Makes a variable available globally in all tests and suites.
    </doc>
    <msg level="INFO" timestamp="20250225 13:12:38.990">
     ${screenshot_taking} = True
    </msg>
    <status endtime="20250225 13:12:38.990" starttime="20250225 13:12:38.990" status="PASS"/>
   </kw>
   <kw library="Support" name="Setup linux execution">
    <kw library="BuiltIn" name="Run Keyword And Return Status">
     <var>
      ${web_test_check}
     </var>
     <arg>
      Variable Should Exist
     </arg>
     <arg>
      ${web_test}
     </arg>
     <doc>
      Runs the given keyword with given arguments and returns the status as a Boolean value.
     </doc>
     <kw library="BuiltIn" name="Variable Should Exist">
      <arg>
       ${web_test}
      </arg>
      <doc>
       Fails unless the given variable exists within the current scope.
      </doc>
      <status endtime="20250225 13:12:38.991" starttime="20250225 13:12:38.991" status="PASS"/>
     </kw>
     <msg level="INFO" timestamp="20250225 13:12:38.991">
      ${web_test_check} = True
     </msg>
     <status endtime="20250225 13:12:38.991" starttime="20250225 13:12:38.990" status="PASS"/>
    </kw>
    <kw library="BuiltIn" name="Run Keyword If">
     <arg>
      ${web_test_check}
     </arg>
     <arg>
      Setup Docker Execution Options
     </arg>
     <doc>
      Runs the given keyword with the given arguments, if ``condition`` is true.
     </doc>
     <kw library="Support_Web" name="Setup Docker Execution Options">
      <kw library="Support_Web" name="Setup Suite Metadata">
       <arg>
        ${browser}
       </arg>
       <kw library="BrowserSupport" name="Get Browser Metadata">
        <var>
         &amp;{browser_information}
        </var>
        <arg>
         browser=${browser}
        </arg>
        <doc>
         Fetches browser metadata information
:param browser: Name of the browser for which information is fetched
:param reload: Re-read the metadata based on the browser
:return: Browser metadata information, dict of format
            {"browser_version": browser version value,
             "driver_version": driver version value}
        </doc>
        <msg level="INFO" timestamp="20250225 13:12:42.357">
         &amp;{browser_information} = { browser_version=133.0.6943.127 | driver_version=133.0.6943.53  }
        </msg>
        <status endtime="20250225 13:12:42.357" starttime="20250225 13:12:38.992" status="PASS"/>
       </kw>
       <kw library="BuiltIn" name="Set Suite Metadata">
        <arg>
         test_browser_name
        </arg>
        <arg>
         ${browser}
        </arg>
        <doc>
         Sets metadata for the current test suite.
        </doc>
        <msg level="INFO" timestamp="20250225 13:12:42.357">
         Set suite metadata 'test_browser_name' to value 'chrome'.
        </msg>
        <status endtime="20250225 13:12:42.357" starttime="20250225 13:12:42.357" status="PASS"/>
       </kw>
       <kw library="BuiltIn" name="Set Suite Metadata">
        <arg>
         test_browser_version
        </arg>
        <arg>
         ${browser_information.browser_version}
        </arg>
        <doc>
         Sets metadata for the current test suite.
        </doc>
        <msg level="INFO" timestamp="20250225 13:12:42.357">
         Set suite metadata 'test_browser_version' to value '133.0.6943.127'.
        </msg>
        <status endtime="20250225 13:12:42.357" starttime="20250225 13:12:42.357" status="PASS"/>
       </kw>
       <kw library="BuiltIn" name="Set Suite Metadata">
        <arg>
         test_driver_version
        </arg>
        <arg>
         ${browser_information.driver_version}
        </arg>
        <doc>
         Sets metadata for the current test suite.
        </doc>
        <msg level="INFO" timestamp="20250225 13:12:42.357">
         Set suite metadata 'test_driver_version' to value '133.0.6943.53 '.
        </msg>
        <status endtime="20250225 13:12:42.357" starttime="20250225 13:12:42.357" status="PASS"/>
       </kw>
       <status endtime="20250225 13:12:42.357" starttime="20250225 13:12:38.992" status="PASS"/>
      </kw>
      <kw library="Support_Web" name="Setup Global Docker Execution Options">
       <kw library="BuiltIn" name="Set Global Variable">
        <arg>
         ${global_browser_options}
        </arg>
        <arg>
         None
        </arg>
        <doc>
         Makes a variable available globally in all tests and suites.
        </doc>
        <msg level="INFO" timestamp="20250225 13:12:42.357">
         ${global_browser_options} = None
        </msg>
        <status endtime="20250225 13:12:42.357" starttime="20250225 13:12:42.357" status="PASS"/>
       </kw>
       <kw library="OperatingSystem" name="Get Environment Variable">
        <var>
         ${docker_check}
        </var>
        <arg>
         EXECUTION_ENVIRONMENT
        </arg>
        <arg>
         not_found
        </arg>
        <doc>
         Returns the value of an environment variable with the given name.
        </doc>
        <msg level="INFO" timestamp="20250225 13:12:42.357">
         ${docker_check} = not_found
        </msg>
        <status endtime="20250225 13:12:42.357" starttime="20250225 13:12:42.357" status="PASS"/>
       </kw>
       <kw library="BuiltIn" name="Run Keyword And Return If">
        <arg>
         "${docker_check}"!="docker"
        </arg>
        <arg>
         Log
        </arg>
        <arg>
         Not executing on Docker
        </arg>
        <doc>
         Runs the specified keyword and returns from the enclosing user keyword.
        </doc>
        <kw library="BuiltIn" name="Log">
         <arg>
          Not executing on Docker
         </arg>
         <doc>
          Logs the given message with the given level.
         </doc>
         <msg level="INFO" timestamp="20250225 13:12:42.357">
          Not executing on Docker
         </msg>
         <status endtime="20250225 13:12:42.357" starttime="20250225 13:12:42.357" status="PASS"/>
        </kw>
        <msg level="INFO" timestamp="20250225 13:12:42.357">
         Returning from the enclosing user keyword.
        </msg>
        <status endtime="20250225 13:12:42.357" starttime="20250225 13:12:42.357" status="PASS"/>
       </kw>
       <kw library="BuiltIn" name="Create List">
        <var>
         @{options}
        </var>
        <arg>
         --headless
        </arg>
        <arg>
         --no-sandbox
        </arg>
        <arg>
         --disable-dev-shm-usage
        </arg>
        <doc>
         Returns a list containing given items.
        </doc>
        <status endtime="20250225 13:12:42.357" starttime="20250225 13:12:42.357" status="NOT RUN"/>
       </kw>
       <kw library="BuiltIn" name="Set Global Variable">
        <arg>
         @{docker_options}
        </arg>
        <arg>
         @{options}
        </arg>
        <doc>
         Makes a variable available globally in all tests and suites.
        </doc>
        <status endtime="20250225 13:12:42.357" starttime="20250225 13:12:42.357" status="NOT RUN"/>
       </kw>
       <status endtime="20250225 13:12:42.357" starttime="20250225 13:12:42.357" status="PASS"/>
      </kw>
      <kw library="Support_Web" name="Create Webdriver for chrome preferences">
       <kw library="Support_Web" name="Update Docker Execution Options">
        <var>
         ${list_prefs}
        </var>
        <arg>
         ${list_prefs}
        </arg>
        <kw library="BuiltIn" name="Run Keyword And Return Status">
         <var>
          ${docker_check}
         </var>
         <arg>
          Variable Should Exist
         </arg>
         <arg>
          ${docker_options}
         </arg>
         <doc>
          Runs the given keyword with given arguments and returns the status as a Boolean value.
         </doc>
         <kw library="BuiltIn" name="Variable Should Exist">
          <arg>
           ${docker_options}
          </arg>
          <doc>
           Fails unless the given variable exists within the current scope.
          </doc>
          <msg level="FAIL" timestamp="20250225 13:12:42.357">
           Variable '${docker_options}' does not exist.
          </msg>
          <status endtime="20250225 13:12:42.357" starttime="20250225 13:12:42.357" status="FAIL"/>
         </kw>
         <msg level="INFO" timestamp="20250225 13:12:42.357">
          ${docker_check} = False
         </msg>
         <status endtime="20250225 13:12:42.357" starttime="20250225 13:12:42.357" status="PASS"/>
        </kw>
        <kw library="BuiltIn" name="Get Length">
         <var>
          ${list_prefs_length}
         </var>
         <arg>
          ${list_prefs}
         </arg>
         <doc>
          Returns and logs the length of the given item as an integer.
         </doc>
         <msg level="INFO" timestamp="20250225 13:12:42.357">
          Length is 1
         </msg>
         <msg level="INFO" timestamp="20250225 13:12:42.357">
          ${list_prefs_length} = 1
         </msg>
         <status endtime="20250225 13:12:42.357" starttime="20250225 13:12:42.357" status="PASS"/>
        </kw>
        <kw library="BuiltIn" name="Run Keyword If">
         <var>
          ${list_prefs}
         </var>
         <arg>
          ${docker_check} and ${list_prefs_length}&gt;0 and ${list_prefs}[0] != []
         </arg>
         <arg>
          Combine Lists
         </arg>
         <arg>
          ${list_prefs}
         </arg>
         <arg>
          ${docker_options}
         </arg>
         <arg>
          ELSE IF
         </arg>
         <arg>
          ${docker_check}
         </arg>
         <arg>
          Set Variable
         </arg>
         <arg>
          ${docker_options}
         </arg>
         <arg>
          ELSE
         </arg>
         <arg>
          Set Variable
         </arg>
         <arg>
          ${list_prefs}
         </arg>
         <doc>
          Runs the given keyword with the given arguments, if ``condition`` is true.
         </doc>
         <kw library="BuiltIn" name="Set Variable">
          <arg>
           ${list_prefs}
          </arg>
          <doc>
           Returns the given values which can then be assigned to a variables.
          </doc>
          <status endtime="20250225 13:12:42.357" starttime="20250225 13:12:42.357" status="PASS"/>
         </kw>
         <msg level="INFO" timestamp="20250225 13:12:42.357">
          ${list_prefs} = [[]]
         </msg>
         <status endtime="20250225 13:12:42.357" starttime="20250225 13:12:42.357" status="PASS"/>
        </kw>
        <msg level="INFO" timestamp="20250225 13:12:42.357">
         ${list_prefs} = [[]]
        </msg>
        <status endtime="20250225 13:12:42.357" starttime="20250225 13:12:42.357" status="PASS"/>
       </kw>
       <kw library="Support_Web" name="Create Chrome Options for download preferences">
        <var>
         ${chrome_options}
        </var>
        <kw library="BuiltIn" name="Evaluate">
         <var>
          ${chrome_options}
         </var>
         <arg>
          sys.modules['selenium.webdriver'].ChromeOptions()
         </arg>
         <arg>
          sys
         </arg>
         <doc>
          Evaluates the given expression in Python and returns the result.
         </doc>
         <msg level="INFO" timestamp="20250225 13:12:42.357">
          ${chrome_options} = &lt;selenium.webdriver.chrome.options.Options object at 0x000002B2DD1D5220&gt;
         </msg>
         <status endtime="20250225 13:12:42.357" starttime="20250225 13:12:42.357" status="PASS"/>
        </kw>
        <msg level="INFO" timestamp="20250225 13:12:42.357">
         ${chrome_options} = &lt;selenium.webdriver.chrome.options.Options object at 0x000002B2DD1D5220&gt;
        </msg>
        <status endtime="20250225 13:12:42.357" starttime="20250225 13:12:42.357" status="PASS"/>
       </kw>
       <kw library="Support_Web" name="Update Preferences List">
        <arg>
         ${chrome_options}
        </arg>
        <arg>
         @{list_prefs}
        </arg>
        <kw library="BuiltIn" name="Convert To String">
         <var>
          ${string_prefs}
         </var>
         <arg>
          ${list_prefs}
         </arg>
         <doc>
          Converts the given item to a Unicode string.
         </doc>
         <msg level="INFO" timestamp="20250225 13:12:42.357">
          ${string_prefs} = [[]]
         </msg>
         <status endtime="20250225 13:12:42.357" starttime="20250225 13:12:42.357" status="PASS"/>
        </kw>
        <kw library="BuiltIn" name="Return From Keyword If">
         <arg>
          ${string_prefs} == [[]]
         </arg>
         <doc>
          Returns from the enclosing user keyword if ``condition`` is true.
         </doc>
         <msg level="INFO" timestamp="20250225 13:12:42.357">
          Returning from the enclosing user keyword.
         </msg>
         <status endtime="20250225 13:12:42.357" starttime="20250225 13:12:42.357" status="PASS"/>
        </kw>
        <for flavor="IN">
         <var>
          ${preference}
         </var>
         <value>
          @{list_prefs}
         </value>
         <iter>
          <var name="${preference}"/>
          <kw library="BuiltIn" name="Call Method">
           <arg>
            ${chrome_options}
           </arg>
           <arg>
            add_argument
           </arg>
           <arg>
            ${preference}
           </arg>
           <doc>
            Calls the named method of the given object with the provided arguments.
           </doc>
           <status endtime="20250225 13:12:42.357" starttime="20250225 13:12:42.357" status="NOT RUN"/>
          </kw>
          <status endtime="20250225 13:12:42.357" starttime="20250225 13:12:42.357" status="NOT RUN"/>
         </iter>
         <status endtime="20250225 13:12:42.357" starttime="20250225 13:12:42.357" status="NOT RUN"/>
        </for>
        <status endtime="20250225 13:12:42.357" starttime="20250225 13:12:42.357" status="PASS"/>
       </kw>
       <kw library="BuiltIn" name="Call Method">
        <arg>
         ${chrome_options}
        </arg>
        <arg>
         add_experimental_option
        </arg>
        <arg>
         prefs
        </arg>
        <arg>
         ${kw_prefs}
        </arg>
        <doc>
         Calls the named method of the given object with the provided arguments.
        </doc>
        <status endtime="20250225 13:12:42.357" starttime="20250225 13:12:42.357" status="PASS"/>
       </kw>
       <kw library="BuiltIn" name="Set Global Variable">
        <arg>
         ${global_browser_options}
        </arg>
        <arg>
         ${chrome options}
        </arg>
        <doc>
         Makes a variable available globally in all tests and suites.
        </doc>
        <msg level="INFO" timestamp="20250225 13:12:42.357">
         ${global_browser_options} = &lt;selenium.webdriver.chrome.options.Options object at 0x000002B2DD1D5220&gt;
        </msg>
        <status endtime="20250225 13:12:42.357" starttime="20250225 13:12:42.357" status="PASS"/>
       </kw>
       <status endtime="20250225 13:12:42.357" starttime="20250225 13:12:42.357" status="PASS"/>
      </kw>
      <status endtime="20250225 13:12:42.357" starttime="20250225 13:12:38.992" status="PASS"/>
     </kw>
     <status endtime="20250225 13:12:42.357" starttime="20250225 13:12:38.991" status="PASS"/>
    </kw>
    <status endtime="20250225 13:12:42.357" starttime="20250225 13:12:38.990" status="PASS"/>
   </kw>
   <kw library="BuiltIn" name="Set Suite Metadata">
    <arg>
     environment
    </arg>
    <arg>
     ${test_server}
    </arg>
    <doc>
     Sets metadata for the current test suite.
    </doc>
    <msg level="INFO" timestamp="20250225 13:12:42.357">
     Set suite metadata 'environment' to value 'Dev'.
    </msg>
    <status endtime="20250225 13:12:42.373" starttime="20250225 13:12:42.357" status="PASS"/>
   </kw>
   <status endtime="20250225 13:12:42.373" starttime="20250225 13:12:38.980" status="PASS"/>
  </kw>
  <suite id="s1-s1" name="Test Olympus STMS" source="C:\SAP_Testing\SAPtesting\Tests\Test_Olympus_STMS.robot">
   <test id="s1-s1-t1" line="6" name="SP1_STMS">
    <kw library="Olympus_STMS" name="STMS">
     <kw library="Process" name="Start Process">
      <arg>
       ${symvar('Olympus_SAP_SERVER')}
      </arg>
      <doc>
       Starts a new process on background.
      </doc>
      <msg level="INFO" timestamp="20250225 13:12:42.888">
       Sym.Dev.Olympus_SAP_SERVER: C:\Program Files (x86)\SAP\FrontEnd\SAPgui\saplogon.exe
      </msg>
      <msg level="INFO" timestamp="20250225 13:12:42.888">
       Starting process:
"C:\Program Files (x86)\SAP\FrontEnd\SAPgui\saplogon.exe"
      </msg>
      <status endtime="20250225 13:12:42.888" starttime="20250225 13:12:42.888" status="PASS"/>
     </kw>
     <kw library="BuiltIn" name="Sleep">
      <arg>
       1
      </arg>
      <doc>
       Pauses the test executed for the given time.
      </doc>
      <msg level="INFO" timestamp="20250225 13:12:43.889">
       Slept 1 second
      </msg>
      <status endtime="20250225 13:12:43.889" starttime="20250225 13:12:42.888" status="PASS"/>
     </kw>
     <kw name="Connect To Session">
      <msg level="FAIL" timestamp="20250225 13:12:43.890">
       No keyword with name 'Connect To Session' found.
      </msg>
      <status endtime="20250225 13:12:43.890" starttime="20250225 13:12:43.890" status="FAIL"/>
     </kw>
     <kw name="Open Connection">
      <arg>
       ${symvar('Olympus_SAP_connection')}
      </arg>
      <status endtime="20250225 13:12:43.892" starttime="20250225 13:12:43.892" status="NOT RUN"/>
     </kw>
     <kw library="BuiltIn" name="Sleep">
      <arg>
       1
      </arg>
      <doc>
       Pauses the test executed for the given time.
      </doc>
      <status endtime="20250225 13:12:43.892" starttime="20250225 13:12:43.892" status="NOT RUN"/>
     </kw>
     <kw name="Input Text">
      <arg>
       wnd[0]/usr/txtRSYST-MANDT
      </arg>
      <arg>
       ${symvar('Olympus_Client_Id')}
      </arg>
      <status endtime="20250225 13:12:43.894" starttime="20250225 13:12:43.894" status="NOT RUN"/>
     </kw>
     <kw library="BuiltIn" name="Sleep">
      <arg>
       1
      </arg>
      <doc>
       Pauses the test executed for the given time.
      </doc>
      <status endtime="20250225 13:12:43.894" starttime="20250225 13:12:43.894" status="NOT RUN"/>
     </kw>
     <kw name="Input Text">
      <arg>
       wnd[0]/usr/txtRSYST-BNAME
      </arg>
      <arg>
       ${symvar('Olympus_User_Name')}
      </arg>
      <status endtime="20250225 13:12:43.896" starttime="20250225 13:12:43.895" status="NOT RUN"/>
     </kw>
     <kw library="BuiltIn" name="Sleep">
      <arg>
       1
      </arg>
      <doc>
       Pauses the test executed for the given time.
      </doc>
      <status endtime="20250225 13:12:43.896" starttime="20250225 13:12:43.896" status="NOT RUN"/>
     </kw>
     <kw name="Input Password">
      <arg>
       wnd[0]/usr/pwdRSYST-BCODE
      </arg>
      <arg>
       ${symvar('Olympus_User_Password')}
      </arg>
      <status endtime="20250225 13:12:43.897" starttime="20250225 13:12:43.897" status="NOT RUN"/>
     </kw>
     <kw name="Send Vkey">
      <arg>
       0
      </arg>
      <status endtime="20250225 13:12:43.899" starttime="20250225 13:12:43.898" status="NOT RUN"/>
     </kw>
     <kw name="Multiple logon Handling">
      <arg>
       wnd[1]
      </arg>
      <arg>
       wnd[1]/usr/radMULTI_LOGON_OPT2
      </arg>
      <arg>
       wnd[1]/tbar[0]/btn[0]
      </arg>
      <status endtime="20250225 13:12:43.900" starttime="20250225 13:12:43.900" status="NOT RUN"/>
     </kw>
     <kw library="BuiltIn" name="Sleep">
      <arg>
       1
      </arg>
      <doc>
       Pauses the test executed for the given time.
      </doc>
      <status endtime="20250225 13:12:43.900" starttime="20250225 13:12:43.900" status="NOT RUN"/>
     </kw>
     <kw name="Run Transaction">
      <arg>
       /nSTMS
      </arg>
      <status endtime="20250225 13:12:43.902" starttime="20250225 13:12:43.902" status="NOT RUN"/>
     </kw>
     <kw library="BuiltIn" name="Sleep">
      <arg>
       1
      </arg>
      <doc>
       Pauses the test executed for the given time.
      </doc>
      <status endtime="20250225 13:12:43.902" starttime="20250225 13:12:43.902" status="NOT RUN"/>
     </kw>
     <kw name="Take Screenshot">
      <arg>
       STMS01.jpg
      </arg>
      <status endtime="20250225 13:12:43.903" starttime="20250225 13:12:43.903" status="NOT RUN"/>
     </kw>
     <kw name="Click Element">
      <arg>
       wnd[0]/tbar[1]/btn[19]
      </arg>
      <status endtime="20250225 13:12:43.905" starttime="20250225 13:12:43.905" status="NOT RUN"/>
     </kw>
     <kw library="BuiltIn" name="Sleep">
      <arg>
       2
      </arg>
      <doc>
       Pauses the test executed for the given time.
      </doc>
      <status endtime="20250225 13:12:43.905" starttime="20250225 13:12:43.905" status="NOT RUN"/>
     </kw>
     <kw name="Take Screenshot">
      <arg>
       STMS02.jpg
      </arg>
      <status endtime="20250225 13:12:43.907" starttime="20250225 13:12:43.906" status="NOT RUN"/>
     </kw>
     <kw name="Click Element">
      <arg>
       wnd[0]/tbar[0]/btn[3]
      </arg>
      <status endtime="20250225 13:12:43.908" starttime="20250225 13:12:43.908" status="NOT RUN"/>
     </kw>
     <kw library="BuiltIn" name="Sleep">
      <arg>
       2
      </arg>
      <doc>
       Pauses the test executed for the given time.
      </doc>
      <status endtime="20250225 13:12:43.908" starttime="20250225 13:12:43.908" status="NOT RUN"/>
     </kw>
     <kw name="Click Element">
      <arg>
       wnd[0]/tbar[1]/btn[18]
      </arg>
      <status endtime="20250225 13:12:43.910" starttime="20250225 13:12:43.909" status="NOT RUN"/>
     </kw>
     <kw library="BuiltIn" name="Sleep">
      <arg>
       2
      </arg>
      <doc>
       Pauses the test executed for the given time.
      </doc>
      <status endtime="20250225 13:12:43.910" starttime="20250225 13:12:43.910" status="NOT RUN"/>
     </kw>
     <kw name="Take Screenshot">
      <arg>
       STMS03.jpg
      </arg>
      <status endtime="20250225 13:12:43.911" starttime="20250225 13:12:43.911" status="NOT RUN"/>
     </kw>
     <kw name="Double Click Current Cell">
      <arg>
       wnd[0]/usr/cntlGRID1/shellcont/shell
      </arg>
      <status endtime="20250225 13:12:43.913" starttime="20250225 13:12:43.913" status="NOT RUN"/>
     </kw>
     <kw library="BuiltIn" name="Sleep">
      <arg>
       2
      </arg>
      <doc>
       Pauses the test executed for the given time.
      </doc>
      <status endtime="20250225 13:12:43.913" starttime="20250225 13:12:43.913" status="NOT RUN"/>
     </kw>
     <kw name="Take Screenshot">
      <arg>
       STMS04.jpg
      </arg>
      <status endtime="20250225 13:12:43.915" starttime="20250225 13:12:43.915" status="NOT RUN"/>
     </kw>
     <kw name="Click Element">
      <arg>
       wnd[0]/usr/tabsGN_DYN150_TAB_STRIP/tabpDOMA
      </arg>
      <status endtime="20250225 13:12:43.918" starttime="20250225 13:12:43.918" status="NOT RUN"/>
     </kw>
     <kw library="BuiltIn" name="Sleep">
      <arg>
       2
      </arg>
      <doc>
       Pauses the test executed for the given time.
      </doc>
      <status endtime="20250225 13:12:43.918" starttime="20250225 13:12:43.918" status="NOT RUN"/>
     </kw>
     <kw name="Take Screenshot">
      <arg>
       STMS05.jpg
      </arg>
      <status endtime="20250225 13:12:43.920" starttime="20250225 13:12:43.920" status="NOT RUN"/>
     </kw>
     <kw name="Click Element">
      <arg>
       wnd[0]/usr/tabsGN_DYN150_TAB_STRIP/tabpTPPE
      </arg>
      <status endtime="20250225 13:12:43.921" starttime="20250225 13:12:43.921" status="NOT RUN"/>
     </kw>
     <kw library="BuiltIn" name="Sleep">
      <arg>
       2
      </arg>
      <doc>
       Pauses the test executed for the given time.
      </doc>
      <status endtime="20250225 13:12:43.921" starttime="20250225 13:12:43.921" status="NOT RUN"/>
     </kw>
     <kw name="Take Screenshot">
      <arg>
       STMS06.jpg
      </arg>
      <status endtime="20250225 13:12:43.922" starttime="20250225 13:12:43.922" status="NOT RUN"/>
     </kw>
     <kw name="Click Element">
      <arg>
       wnd[0]/tbar[0]/btn[3]
      </arg>
      <status endtime="20250225 13:12:43.924" starttime="20250225 13:12:43.924" status="NOT RUN"/>
     </kw>
     <kw library="BuiltIn" name="Sleep">
      <arg>
       2
      </arg>
      <doc>
       Pauses the test executed for the given time.
      </doc>
      <status endtime="20250225 13:12:43.924" starttime="20250225 13:12:43.924" status="NOT RUN"/>
     </kw>
     <kw library="Olympus_STMS" name="Connection_test">
      <status endtime="20250225 13:12:43.924" starttime="20250225 13:12:43.924" status="NOT RUN"/>
     </kw>
     <status endtime="20250225 13:12:43.924" starttime="20250225 13:12:42.888" status="FAIL"/>
    </kw>
    <tag>
     Regression
    </tag>
    <tag>
     STMS
    </tag>
    <status endtime="20250225 13:12:43.924" starttime="20250225 13:12:42.888" status="FAIL">
     No keyword with name 'Connect To Session' found.
    </status>
   </test>
   <status endtime="20250225 13:12:43.931" starttime="20250225 13:12:42.373" status="FAIL"/>
  </suite>
  <doc>
   Testing functionality through Robot Framework
  </doc>
  <meta name="environment">
   Dev
  </meta>
  <meta name="test_browser_name">
   chrome
  </meta>
  <meta name="test_browser_version">
   133.0.6943.127
  </meta>
  <meta name="test_driver_version">
   133.0.6943.53
  </meta>
  <meta name="test_environment">
   Dev
  </meta>
  <meta name="test_freeze_dependencies">
   astroid==3.2.3,attrs==23.2.0,beautifulsoup4==4.12.3,bs4==0.0.2,certifi==2024.7.4,cffi==1.16.0,chardet==5.2.0,charset-normalizer==3.3.2,click==8.1.7,colorama==0.4.6,cryptography==42.0.8,defusedxml==0.7.1,dill==0.3.8,docutils==0.21.2,et-xmlfile==1.1.0,ExcelLib==0.0.1b2,exceptiongroup==1.2.2,gitdb==4.0.11,GitPython==3.1.43,h11==0.14.0,idna==3.7,isort==5.13.2,Jinja2==3.1.4,jira==3.8.0,jsonpath-ng==1.6.1,jsonschema==4.23.0,jsonschema-specifications==2023.12.1,lazy-object-proxy==1.10.0,lxml==5.2.2,markdown-it-py==3.0.0,MarkupSafe==2.1.5,mccabe==0.7.0,mdurl==0.1.2,natsort==8.4.0,numpy==2.0.0,oauthlib==3.2.2,openpyxl==3.1.5,outcome==1.3.0.post0,packaging==24.1,pandas==2.2.2,pathspec==0.11.2,pillow==10.4.0,pip==24.1.2,platformdirs==4.2.2,ply==3.11,pycparser==2.22,Pygments==2.18.0,pylint==3.2.5,PySocks==1.7.1,python-dateutil==2.9.0.post0,pytz==2024.1,pywin32==306,PyYAML==6.0.1,referencing==0.35.1,requests==2.32.3,requests-oauthlib==2.0.0,requests-toolbelt==1.0.0,rich==13.7.1,rich-click==1.6.1,robotframework==6.0.2,robotframework-datadriver==1.9.0,robotframework-excellib==2.0.1,robotframework-jsonlibrary==0.5,robotframework-pabot==2.16.0,robotframework-pythonlibcore==4.2.0,robotframework-requests==0.9.2,robotframework-sapguilibrary==1.1,robotframework-seleniumlibrary==5.1.3,robotframework-stacktrace==0.4.1,robotframework-tidy==4.5.0,rpds-py==0.19.0,selenium==4.9.1,setuptools==71.0.2,six==1.16.0,smmap==5.0.1,sniffio==1.3.1,sortedcontainers==2.4.0,soupsieve==2.5,tomli==2.0.1,tomlkit==0.13.0,trio==0.26.0,trio-websocket==0.11.1,typing_extensions==4.12.2,tzdata==2024.1,urllib3==2.2.2,wheel==0.43.0,wrapt==1.16.0,wsproto==1.2.0,xlrd==2.0.1,XlsxWriter==3.2.0
  </meta>
  <status endtime="20250225 13:12:43.984" starttime="20250225 13:12:38.621" status="FAIL"/>
 </suite>
 <statistics>
  <total>
   <stat fail="1" pass="0" skip="0">
    All Tests
   </stat>
  </total>
  <tag>
   <stat fail="1" pass="0" skip="0">
    Regression
   </stat>
   <stat fail="1" pass="0" skip="0">
    STMS
   </stat>
  </tag>
  <suite>
   <stat fail="1" id="s1" name="Tests" pass="0" skip="0">
    Tests
   </stat>
   <stat fail="1" id="s1-s1" name="Test Olympus STMS" pass="0" skip="0">
    Tests.Test Olympus STMS
   </stat>
  </suite>
 </statistics>
 <errors>
  <msg level="ERROR" timestamp="20250225 13:12:42.872">
   Error in file 'C:\SAP_Testing\SAPtesting\Tests\Resource\Olympus_STMS.robot' on line 3: Importing library 'C:\SAP_Testing\SAPtesting\Tests\Resource\SAP_Tcode_Library.py' failed: ModuleNotFoundError: No module named 'fpdf'
Traceback (most recent call last):
  File "C:\SAP_Testing\SAPtesting\Tests\Resource\SAP_Tcode_Library.py", line 18, in &lt;module&gt;
    from fpdf import FPDF
PYTHONPATH:
  C:\SAP_Testing\SAPtesting\Tests\Resource
  C:\SAP_Testing\SAPtesting\RoboEnvironment\Symphony\Scripts\robot.exe
  C:\Program Files\Python312\python312.zip
  C:\Program Files\Python312\DLLs
  C:\Program Files\Python312\Lib
  C:\Program Files\Python312
  C:\SAP_Testing\SAPtesting\RoboEnvironment\Symphony
  C:\SAP_Testing\SAPtesting\RoboEnvironment\Symphony\Lib\site-packages
  C:\SAP_Testing\SAPtesting\RoboEnvironment\Symphony\Lib\site-packages\win32
  C:\SAP_Testing\SAPtesting\RoboEnvironment\Symphony\Lib\site-packages\win32\lib
  C:\SAP_Testing\SAPtesting\RoboEnvironment\Symphony\Lib\site-packages\Pythonwin
  C:\SAP_Testing\SAPtesting\RoboEnvironment\Symphony\Lib\site-packages\setuptools\_vendor
  C:\SAP_Testing\SAPtesting
  </msg>
 </errors>
</robot>
