<?xml version="1.0" encoding="UTF-8"?>
<robot generator="Robot 6.0.2 (Python 3.12.3 on win32)" generated="20240902 11:01:03.904" rpa="false" schemaversion="3">
<suite id="s1" name="Tests" source="C:\RobotFramework\sap_testing\Tests">
<kw name="Setup highest level suite" type="SETUP">
<kw name="Set Variable" library="BuiltIn">
<var>${d.test_server}</var>
<arg>${test_server}</arg>
<doc>Returns the given values which can then be assigned to a variables.</doc>
<msg timestamp="20240902 11:01:05.521" level="INFO">${d.test_server} = Dev</msg>
<status status="PASS" starttime="20240902 11:01:05.520" endtime="20240902 11:01:05.521"/>
</kw>
<kw name="Reset screenshot count variable" library="Support">
<kw name="Set Variable" library="BuiltIn">
<var>${screenshotCount}</var>
<arg>${PABOTQUEUEINDEX}_1</arg>
<doc>Returns the given values which can then be assigned to a variables.</doc>
<msg timestamp="20240902 11:01:05.523" level="INFO">${screenshotCount} = 0_1</msg>
<status status="PASS" starttime="20240902 11:01:05.523" endtime="20240902 11:01:05.523"/>
</kw>
<kw name="Set Global Variable" library="BuiltIn">
<arg>${screenshotCount}</arg>
<doc>Makes a variable available globally in all tests and suites.</doc>
<msg timestamp="20240902 11:01:05.524" level="INFO">${screenshotCount} = 0_1</msg>
<status status="PASS" starttime="20240902 11:01:05.523" endtime="20240902 11:01:05.524"/>
</kw>
<kw name="Set up screenshot directory" library="Support">
<kw name="Create Directory" library="OperatingSystem">
<arg>${OUTPUTDIR}${/}${wvar('screenshot_dir')}</arg>
<doc>Creates the specified directory.</doc>
<msg timestamp="20240902 11:01:05.525" level="FAIL">Resolving variable '${wvar('screenshot_dir')}' failed: Variable '${wvar}' not found.</msg>
<status status="FAIL" starttime="20240902 11:01:05.524" endtime="20240902 11:01:05.525"/>
</kw>
<status status="FAIL" starttime="20240902 11:01:05.524" endtime="20240902 11:01:05.526"/>
</kw>
<status status="FAIL" starttime="20240902 11:01:05.522" endtime="20240902 11:01:05.527"/>
</kw>
<kw name="Set Global Variable" library="BuiltIn">
<arg>${screenshot_taking}</arg>
<arg>${True}</arg>
<doc>Makes a variable available globally in all tests and suites.</doc>
<status status="NOT RUN" starttime="20240902 11:01:05.527" endtime="20240902 11:01:05.527"/>
</kw>
<kw name="Setup linux execution" library="Support">
<status status="NOT RUN" starttime="20240902 11:01:05.527" endtime="20240902 11:01:05.527"/>
</kw>
<kw name="Set Suite Metadata" library="BuiltIn">
<arg>environment</arg>
<arg>${test_server}</arg>
<doc>Sets metadata for the current test suite.</doc>
<status status="NOT RUN" starttime="20240902 11:01:05.527" endtime="20240902 11:01:05.528"/>
</kw>
<status status="FAIL" starttime="20240902 11:01:05.519" endtime="20240902 11:01:05.528"/>
</kw>
<suite id="s1-s1" name="Test SM02 MESSAGE" source="C:\RobotFramework\sap_testing\Tests\Test_SM02_MESSAGE.robot">
<test id="s1-s1-t1" name="SM02" line="9">
<tag>Regression</tag>
<tag>systemmessage</tag>
<status status="FAIL" starttime="20240902 11:01:05.529" endtime="20240902 11:01:05.531">Parent suite setup failed:
Resolving variable '${wvar('screenshot_dir')}' failed: Variable '${wvar}' not found.</status>
</test>
<status status="FAIL" starttime="20240902 11:01:05.528" endtime="20240902 11:01:05.532">Parent suite setup failed:
Resolving variable '${wvar('screenshot_dir')}' failed: Variable '${wvar}' not found.</status>
</suite>
<doc>Testing functionality through Robot Framework</doc>
<meta name="test_environment">Dev</meta>
<meta name="test_freeze_dependencies">annotated-types==0.7.0,arrow==1.3.0,astroid==3.2.2,asttokens==2.4.1,attrs==23.2.0,beautifulsoup4==4.12.3,binaryornot==0.4.4,bs4==0.0.2,certifi==2024.6.2,cffi==1.16.0,chardet==5.2.0,charset-normalizer==3.3.2,click==8.1.7,colorama==0.4.6,cookiecutter==2.6.0,cryptography==42.0.7,decorator==5.1.1,defusedxml==0.7.1,dill==0.3.8,docutils==0.21.2,et-xmlfile==1.1.0,exceptiongroup==1.2.1,executing==2.0.1,gitdb==4.0.11,GitPython==3.1.43,grpcio==1.64.1,h11==0.14.0,idna==3.7,ipython==8.25.0,isort==5.13.2,jaraco.classes==3.4.0,jaraco.context==5.3.0,jaraco.functools==4.0.1,jedi==0.19.1,Jinja2==3.1.4,jira==3.8.0,jsonpath-ng==1.6.1,jsonschema==4.22.0,jsonschema-specifications==2023.12.1,keyring==25.2.1,lazy-object-proxy==1.10.0,lxml==5.2.2,markdown-it-py==3.0.0,MarkupSafe==2.1.5,matplotlib-inline==0.1.7,mccabe==0.7.0,mdurl==0.1.2,more-itertools==10.3.0,MouseInfo==0.1.3,natsort==8.4.0,numpy==2.0.0,oauthlib==3.2.2,openpyxl==3.1.5,outcome==1.3.0.post0,packaging==24.0,pandas==2.2.2,parso==0.8.4,pathspec==0.11.2,pillow==10.3.0,pip==24.2,platformdirs==4.2.2,ply==3.11,prompt_toolkit==3.0.47,pure-eval==0.2.2,PyAutoGUI==0.9.54,pycparser==2.22,pydantic==2.7.4,pydantic_core==2.18.4,PyGetWindow==0.0.9,Pygments==2.18.0,pylint==3.2.2,PyMsgBox==1.0.9,PyPDF2==3.0.1,pyperclip==1.9.0,PyRect==0.2.0,PyScreeze==1.0.1,PySocks==1.7.1,python-dateutil==2.9.0.post0,python-dotenv==1.0.1,python-slugify==8.0.4,pytweening==1.2.0,pytz==2024.1,pywin32==306,pywin32-ctypes==0.2.2,PyYAML==6.0.1,redis==5.0.6,referencing==0.35.1,reportlab==4.2.0,requests==2.32.3,requests-oauthlib==2.0.0,requests-toolbelt==1.0.0,RestrictedPython==7.1,rich==13.7.1,rich-click==1.6.1,robotframework==6.0.2,robotframework-datadriver==1.9.0,robotframework-excellib==2.0.1,robotframework-jsonlibrary==0.5,robotframework-pabot==2.16.0,robotframework-pythonlibcore==4.2.0,robotframework-requests==0.9.2,robotframework-sapguilibrary==1.1,robotframework-seleniumlibrary==5.1.3,robotframework-stacktrace==0.4.1,robotframework-tidy==4.5.0,rpds-py==0.18.1,selenium==4.9.1,setuptools==70.0.0,shellingham==1.5.4,six==1.16.0,smmap==5.0.1,sniffio==1.3.1,sortedcontainers==2.4.0,soupsieve==2.5,stack-data==0.6.3,statsd==4.0.1,text-unidecode==1.3,tomli==2.0.1,tomlkit==0.12.5,traitlets==5.14.3,trio==0.25.1,trio-websocket==0.11.1,typer==0.12.3,types-python-dateutil==2.9.0.20240316,typing_extensions==4.12.1,tzdata==2024.1,urllib3==2.2.1,wcwidth==0.2.13,websocket-client==1.8.0,wheel==0.43.0,wrapt==1.16.0,wsproto==1.2.0</meta>
<status status="FAIL" starttime="20240902 11:01:05.095" endtime="20240902 11:01:05.657">Suite setup failed:
Resolving variable '${wvar('screenshot_dir')}' failed: Variable '${wvar}' not found.</status>
</suite>
<statistics>
<total>
<stat pass="0" fail="1" skip="0">All Tests</stat>
</total>
<tag>
<stat pass="0" fail="1" skip="0">Regression</stat>
<stat pass="0" fail="1" skip="0">systemmessage</stat>
</tag>
<suite>
<stat pass="0" fail="1" skip="0" id="s1" name="Tests">Tests</stat>
<stat pass="0" fail="1" skip="0" id="s1-s1" name="Test SM02 MESSAGE">Tests.Test SM02 MESSAGE</stat>
</suite>
</statistics>
<errors>
<msg timestamp="20240902 11:01:05.094" level="ERROR">Processing variable file 'C:\RobotFramework\sap_testing\Execution\Access_Data.py' failed: Importing variable file 'C:\RobotFramework\sap_testing\Execution\Access_Data.py' failed: IndentationError: unexpected indent (__init__.py, line 15)
Traceback (most recent call last):
  File "C:\RobotFramework\sap_testing\Execution\Access_Data.py", line 15, in &lt;module&gt;
    import Data.Symphony as Sym
  File "C:\RobotFramework\sap_testing\Data\Symphony\__init__.py", line 1, in &lt;module&gt;
    from . import Dev
PYTHONPATH:
  C:\RobotFramework\sap_testing\Execution
  C:\RobotFramework\sap_testing\RoboEnvironment\Symphony\Scripts\robot.exe
  C:\Program Files\Python312\python312.zip
  C:\Program Files\Python312\DLLs
  C:\Program Files\Python312\Lib
  C:\Program Files\Python312
  C:\RobotFramework\sap_testing\RoboEnvironment\Symphony
  C:\RobotFramework\sap_testing\RoboEnvironment\Symphony\Lib\site-packages
  C:\RobotFramework\sap_testing\RoboEnvironment\Symphony\Lib\site-packages\win32
  C:\RobotFramework\sap_testing\RoboEnvironment\Symphony\Lib\site-packages\win32\lib
  C:\RobotFramework\sap_testing\RoboEnvironment\Symphony\Lib\site-packages\Pythonwin
  C:\RobotFramework\sap_testing</msg>
</errors>
</robot>
