<?xml version="1.0" encoding="UTF-8"?>
<robot generator="Robot 6.0.2 (Python 3.12.3 on win32)" generated="20250220 05:34:21.583" rpa="false" schemaversion="3">
<suite id="s1" name="Tests" source="C:\SAP_Testing\SAPtesting\Tests">
<kw name="Setup highest level suite" type="SETUP">
<kw name="Set Variable" library="BuiltIn">
<var>${d.test_server}</var>
<arg>${test_server}</arg>
<doc>Returns the given values which can then be assigned to a variables.</doc>
<msg timestamp="20250220 05:34:25.177" level="INFO">${d.test_server} = Dev</msg>
<status status="PASS" starttime="20250220 05:34:25.177" endtime="20250220 05:34:25.177"/>
</kw>
<kw name="Reset screenshot count variable" library="Support">
<kw name="Set Variable" library="BuiltIn">
<var>${screenshotCount}</var>
<arg>${PABOTQUEUEINDEX}_1</arg>
<doc>Returns the given values which can then be assigned to a variables.</doc>
<msg timestamp="20250220 05:34:25.177" level="INFO">${screenshotCount} = 0_1</msg>
<status status="PASS" starttime="20250220 05:34:25.177" endtime="20250220 05:34:25.177"/>
</kw>
<kw name="Set Global Variable" library="BuiltIn">
<arg>${screenshotCount}</arg>
<doc>Makes a variable available globally in all tests and suites.</doc>
<msg timestamp="20250220 05:34:25.177" level="INFO">${screenshotCount} = 0_1</msg>
<status status="PASS" starttime="20250220 05:34:25.177" endtime="20250220 05:34:25.177"/>
</kw>
<kw name="Set up screenshot directory" library="Support">
<kw name="Create Directory" library="OperatingSystem">
<arg>${OUTPUTDIR}${/}${wvar('screenshot_dir')}</arg>
<doc>Creates the specified directory.</doc>
<msg timestamp="20250220 05:34:25.177" level="FAIL">Resolving variable '${wvar('screenshot_dir')}' failed: Variable '${wvar}' not found.</msg>
<status status="FAIL" starttime="20250220 05:34:25.177" endtime="20250220 05:34:25.177"/>
</kw>
<status status="FAIL" starttime="20250220 05:34:25.177" endtime="20250220 05:34:25.177"/>
</kw>
<status status="FAIL" starttime="20250220 05:34:25.177" endtime="20250220 05:34:25.177"/>
</kw>
<kw name="Set Global Variable" library="BuiltIn">
<arg>${screenshot_taking}</arg>
<arg>${True}</arg>
<doc>Makes a variable available globally in all tests and suites.</doc>
<status status="NOT RUN" starttime="20250220 05:34:25.177" endtime="20250220 05:34:25.177"/>
</kw>
<kw name="Setup linux execution" library="Support">
<status status="NOT RUN" starttime="20250220 05:34:25.177" endtime="20250220 05:34:25.177"/>
</kw>
<kw name="Set Suite Metadata" library="BuiltIn">
<arg>environment</arg>
<arg>${test_server}</arg>
<doc>Sets metadata for the current test suite.</doc>
<status status="NOT RUN" starttime="20250220 05:34:25.177" endtime="20250220 05:34:25.177"/>
</kw>
<status status="FAIL" starttime="20250220 05:34:25.177" endtime="20250220 05:34:25.177"/>
</kw>
<suite id="s1-s1" name="Test Get Month Of The Subject" source="C:\SAP_Testing\SAPtesting\Tests\Test_Get_Month_Of_The_Subject.robot">
<test id="s1-s1-t1" name="Month of the subject" line="8">
<tag>Regression</tag>
<tag>subject</tag>
<status status="FAIL" starttime="20250220 05:34:25.193" endtime="20250220 05:34:25.193">Parent suite setup failed:
Resolving variable '${wvar('screenshot_dir')}' failed: Variable '${wvar}' not found.</status>
</test>
<status status="FAIL" starttime="20250220 05:34:25.193" endtime="20250220 05:34:25.193">Parent suite setup failed:
Resolving variable '${wvar('screenshot_dir')}' failed: Variable '${wvar}' not found.</status>
</suite>
<doc>Testing functionality through Robot Framework</doc>
<meta name="test_environment">Dev</meta>
<meta name="test_freeze_dependencies">acres==0.2.0,astroid==3.3.8,attrs==24.3.0,beautifulsoup4==4.12.3,bs4==0.0.2,certifi==2024.12.14,cffi==1.17.1,chardet==5.2.0,charset-normalizer==3.4.1,ci-info==0.3.0,click==8.1.8,colorama==0.4.6,configobj==5.0.9,configparser==7.1.0,cryptography==44.0.0,defusedxml==0.7.1,dill==0.3.9,docutils==0.21.2,et_xmlfile==2.0.0,etelemetry==0.3.1,exceptiongroup==1.2.2,filelock==3.16.1,fitz==0.0.1.dev2,gitdb==4.0.11,GitPython==3.1.43,h11==0.14.0,httplib2==0.22.0,idna==3.10,isodate==0.6.1,isort==5.13.2,Jinja2==3.1.5,jira==3.8.0,jsonpath-ng==1.7.0,jsonschema==4.23.0,jsonschema-specifications==2024.10.1,lazy-object-proxy==1.10.0,looseversion==1.3.0,lxml==5.3.0,markdown-it-py==3.0.0,MarkupSafe==3.0.2,mccabe==0.7.0,mdurl==0.1.2,natsort==8.4.0,networkx==3.4.2,nibabel==5.3.2,nipype==1.9.2,numpy==2.2.1,O365==2.0.38,oauthlib==3.2.2,opencv-python-headless==4.10.0.84,openpyxl==3.1.5,outcome==1.3.0.post0,packaging==24.2,pandas==2.2.3,pathlib==1.0.1,pathspec==0.11.2,pillow==11.0.0,pip==24.3.1,platformdirs==4.3.6,ply==3.11,prov==2.0.1,puremagic==1.28,pycparser==2.22,pydot==3.0.3,Pygments==2.18.0,pylint==3.3.3,PyMuPDF==1.25.1,pyparsing==3.2.1,PySocks==1.7.1,pytesseract==0.3.13,python-dateutil==2.9.0.post0,pytz==2024.2,pywin32==308,pyxnat==1.6.2,PyYAML==6.0.2,rdflib==6.3.2,referencing==0.35.1,requests==2.32.3,requests-oauthlib==2.0.0,requests-toolbelt==1.0.0,rich==13.9.4,rich-click==1.6.1,robotframework==6.0.2,robotframework-datadriver==1.9.0,robotframework-excellib==2.0.1,robotframework-jsonlibrary==0.5,robotframework-pabot==2.16.0,robotframework-pythonlibcore==4.2.0,robotframework-requests==0.9.2,robotframework-sapguilibrary==1.1,robotframework-seleniumlibrary==5.1.3,robotframework-stacktrace==0.4.1,robotframework-tidy==4.5.0,rpds-py==0.22.3,scipy==1.14.1,selenium==4.9.1,setuptools==75.6.0,simplejson==3.19.3,six==1.17.0,smmap==5.0.1,sniffio==1.3.1,sortedcontainers==2.4.0,soupsieve==2.6,tomli==2.0.2,tomlkit==0.13.2,traits==6.4.3,trio==0.28.0,trio-websocket==0.11.1,typing_extensions==4.12.2,tzdata==2024.2,tzlocal==5.2,urllib3==2.3.0,wheel==0.45.1,wrapt==1.17.0,wsproto==1.2.0</meta>
<status status="FAIL" starttime="20250220 05:34:23.410" endtime="20250220 05:34:25.224">Suite setup failed:
Resolving variable '${wvar('screenshot_dir')}' failed: Variable '${wvar}' not found.</status>
</suite>
<statistics>
<total>
<stat pass="0" fail="1" skip="0">All Tests</stat>
</total>
<tag>
<stat pass="0" fail="1" skip="0">Regression</stat>
<stat pass="0" fail="1" skip="0">subject</stat>
</tag>
<suite>
<stat pass="0" fail="1" skip="0" id="s1" name="Tests">Tests</stat>
<stat pass="0" fail="1" skip="0" id="s1-s1" name="Test Get Month Of The Subject">Tests.Test Get Month Of The Subject</stat>
</suite>
</statistics>
<errors>
<msg timestamp="20250220 05:34:23.410" level="ERROR">Processing variable file 'C:\SAP_Testing\SAPtesting\Execution\Access_Data.py' failed: Importing variable file 'C:\SAP_Testing\SAPtesting\Execution\Access_Data.py' failed: SyntaxError: invalid syntax (rental.py, line 1)
Traceback (most recent call last):
  File "C:\SAP_Testing\SAPtesting\Execution\Access_Data.py", line 15, in &lt;module&gt;
    import Data.Symphony as Sym
  File "C:\SAP_Testing\SAPtesting\Data\Symphony\__init__.py", line 1, in &lt;module&gt;
    from . import Dev
  File "C:\SAP_Testing\SAPtesting\Data\Symphony\Dev\__init__.py", line 3, in &lt;module&gt;
    from .rental import *
PYTHONPATH:
  C:\SAP_Testing\SAPtesting\Execution
  C:\SAP_Testing\SAPtesting\RoboEnvironment\Symphony\Scripts\robot.exe
  C:\Program Files\Python312\python312.zip
  C:\Program Files\Python312\DLLs
  C:\Program Files\Python312\Lib
  C:\Program Files\Python312
  C:\SAP_Testing\SAPtesting\RoboEnvironment\Symphony
  C:\SAP_Testing\SAPtesting\RoboEnvironment\Symphony\Lib\site-packages
  C:\SAP_Testing\SAPtesting\RoboEnvironment\Symphony\Lib\site-packages\win32
  C:\SAP_Testing\SAPtesting\RoboEnvironment\Symphony\Lib\site-packages\win32\lib
  C:\SAP_Testing\SAPtesting\RoboEnvironment\Symphony\Lib\site-packages\Pythonwin
  C:\SAP_Testing\SAPtesting\RoboEnvironment\Symphony\Lib\site-packages\setuptools\_vendor
  C:\SAP_Testing\SAPtesting</msg>
</errors>
</robot>
