<?xml version="1.0" encoding="UTF-8"?>
<robot generator="Robot 6.0.2 (Python 3.12.4 on win32)" generated="20250307 15:17:07.855" rpa="false" schemaversion="3">
<suite id="s1" name="Tests" source="F:\Robotframework\sap_testing\Tests">
<kw name="Setup highest level suite" type="SETUP">
<kw name="Set Variable" library="BuiltIn">
<var>${d.test_server}</var>
<arg>${test_server}</arg>
<doc>Returns the given values which can then be assigned to a variables.</doc>
<msg timestamp="20250307 15:17:09.086" level="INFO">${d.test_server} = Dev</msg>
<status status="PASS" starttime="20250307 15:17:09.086" endtime="20250307 15:17:09.086"/>
</kw>
<kw name="Reset screenshot count variable" library="Support">
<kw name="Set Variable" library="BuiltIn">
<var>${screenshotCount}</var>
<arg>${PABOTQUEUEINDEX}_1</arg>
<doc>Returns the given values which can then be assigned to a variables.</doc>
<msg timestamp="20250307 15:17:09.091" level="INFO">${screenshotCount} = 0_1</msg>
<status status="PASS" starttime="20250307 15:17:09.091" endtime="20250307 15:17:09.091"/>
</kw>
<kw name="Set Global Variable" library="BuiltIn">
<arg>${screenshotCount}</arg>
<doc>Makes a variable available globally in all tests and suites.</doc>
<msg timestamp="20250307 15:17:09.091" level="INFO">${screenshotCount} = 0_1</msg>
<status status="PASS" starttime="20250307 15:17:09.091" endtime="20250307 15:17:09.091"/>
</kw>
<kw name="Set up screenshot directory" library="Support">
<kw name="Create Directory" library="OperatingSystem">
<arg>${OUTPUTDIR}${/}${wvar('screenshot_dir')}</arg>
<doc>Creates the specified directory.</doc>
<msg timestamp="20250307 15:17:09.091" level="INFO">Web.Dev.screenshot_dir: Screenshot</msg>
<msg timestamp="20250307 15:17:09.091" level="INFO" html="true">Created directory '&lt;a href="file://F:\Robotframework\sap_testing\Output\77b3497e-7ee9-4e91-abcb-c72483da346f\pabot_results\0\Screenshot"&gt;F:\Robotframework\sap_testing\Output\77b3497e-7ee9-4e91-abcb-c72483da346f\pabot_results\0\Screenshot&lt;/a&gt;'.</msg>
<status status="PASS" starttime="20250307 15:17:09.091" endtime="20250307 15:17:09.091"/>
</kw>
<status status="PASS" starttime="20250307 15:17:09.091" endtime="20250307 15:17:09.091"/>
</kw>
<status status="PASS" starttime="20250307 15:17:09.086" endtime="20250307 15:17:09.091"/>
</kw>
<kw name="Set Global Variable" library="BuiltIn">
<arg>${screenshot_taking}</arg>
<arg>${True}</arg>
<doc>Makes a variable available globally in all tests and suites.</doc>
<msg timestamp="20250307 15:17:09.091" level="INFO">${screenshot_taking} = True</msg>
<status status="PASS" starttime="20250307 15:17:09.091" endtime="20250307 15:17:09.091"/>
</kw>
<kw name="Setup linux execution" library="Support">
<kw name="Run Keyword And Return Status" library="BuiltIn">
<var>${web_test_check}</var>
<arg>Variable Should Exist</arg>
<arg>${web_test}</arg>
<doc>Runs the given keyword with given arguments and returns the status as a Boolean value.</doc>
<kw name="Variable Should Exist" library="BuiltIn">
<arg>${web_test}</arg>
<doc>Fails unless the given variable exists within the current scope.</doc>
<status status="PASS" starttime="20250307 15:17:09.096" endtime="20250307 15:17:09.096"/>
</kw>
<msg timestamp="20250307 15:17:09.096" level="INFO">${web_test_check} = True</msg>
<status status="PASS" starttime="20250307 15:17:09.096" endtime="20250307 15:17:09.096"/>
</kw>
<kw name="Run Keyword If" library="BuiltIn">
<arg>${web_test_check}</arg>
<arg>Setup Docker Execution Options</arg>
<doc>Runs the given keyword with the given arguments, if ``condition`` is true.</doc>
<kw name="Setup Docker Execution Options" library="Support_Web">
<kw name="Setup Suite Metadata" library="Support_Web">
<arg>${browser}</arg>
<kw name="Get Browser Metadata" library="BrowserSupport">
<var>&amp;{browser_information}</var>
<arg>browser=${browser}</arg>
<doc>Fetches browser metadata information
:param browser: Name of the browser for which information is fetched
:param reload: Re-read the metadata based on the browser
:return: Browser metadata information, dict of format
            {"browser_version": browser version value,
             "driver_version": driver version value}</doc>
<msg timestamp="20250307 15:17:12.790" level="INFO">&amp;{browser_information} = { browser_version=133.0.6943.142 | driver_version=133.0.6943.53  }</msg>
<status status="PASS" starttime="20250307 15:17:09.096" endtime="20250307 15:17:12.790"/>
</kw>
<kw name="Set Suite Metadata" library="BuiltIn">
<arg>test_browser_name</arg>
<arg>${browser}</arg>
<doc>Sets metadata for the current test suite.</doc>
<msg timestamp="20250307 15:17:12.790" level="INFO">Set suite metadata 'test_browser_name' to value 'chrome'.</msg>
<status status="PASS" starttime="20250307 15:17:12.790" endtime="20250307 15:17:12.790"/>
</kw>
<kw name="Set Suite Metadata" library="BuiltIn">
<arg>test_browser_version</arg>
<arg>${browser_information.browser_version}</arg>
<doc>Sets metadata for the current test suite.</doc>
<msg timestamp="20250307 15:17:12.790" level="INFO">Set suite metadata 'test_browser_version' to value '133.0.6943.142'.</msg>
<status status="PASS" starttime="20250307 15:17:12.790" endtime="20250307 15:17:12.790"/>
</kw>
<kw name="Set Suite Metadata" library="BuiltIn">
<arg>test_driver_version</arg>
<arg>${browser_information.driver_version}</arg>
<doc>Sets metadata for the current test suite.</doc>
<msg timestamp="20250307 15:17:12.795" level="INFO">Set suite metadata 'test_driver_version' to value '133.0.6943.53 '.</msg>
<status status="PASS" starttime="20250307 15:17:12.790" endtime="20250307 15:17:12.795"/>
</kw>
<status status="PASS" starttime="20250307 15:17:09.096" endtime="20250307 15:17:12.795"/>
</kw>
<kw name="Setup Global Docker Execution Options" library="Support_Web">
<kw name="Set Global Variable" library="BuiltIn">
<arg>${global_browser_options}</arg>
<arg>None</arg>
<doc>Makes a variable available globally in all tests and suites.</doc>
<msg timestamp="20250307 15:17:12.795" level="INFO">${global_browser_options} = None</msg>
<status status="PASS" starttime="20250307 15:17:12.795" endtime="20250307 15:17:12.795"/>
</kw>
<kw name="Get Environment Variable" library="OperatingSystem">
<var>${docker_check}</var>
<arg>EXECUTION_ENVIRONMENT</arg>
<arg>not_found</arg>
<doc>Returns the value of an environment variable with the given name.</doc>
<msg timestamp="20250307 15:17:12.795" level="INFO">${docker_check} = not_found</msg>
<status status="PASS" starttime="20250307 15:17:12.795" endtime="20250307 15:17:12.795"/>
</kw>
<kw name="Run Keyword And Return If" library="BuiltIn">
<arg>"${docker_check}"!="docker"</arg>
<arg>Log</arg>
<arg>Not executing on Docker</arg>
<doc>Runs the specified keyword and returns from the enclosing user keyword.</doc>
<kw name="Log" library="BuiltIn">
<arg>Not executing on Docker</arg>
<doc>Logs the given message with the given level.</doc>
<msg timestamp="20250307 15:17:12.795" level="INFO">Not executing on Docker</msg>
<status status="PASS" starttime="20250307 15:17:12.795" endtime="20250307 15:17:12.795"/>
</kw>
<msg timestamp="20250307 15:17:12.795" level="INFO">Returning from the enclosing user keyword.</msg>
<status status="PASS" starttime="20250307 15:17:12.795" endtime="20250307 15:17:12.795"/>
</kw>
<kw name="Create List" library="BuiltIn">
<var>@{options}</var>
<arg>--headless</arg>
<arg>--no-sandbox</arg>
<arg>--disable-dev-shm-usage</arg>
<doc>Returns a list containing given items.</doc>
<status status="NOT RUN" starttime="20250307 15:17:12.795" endtime="20250307 15:17:12.800"/>
</kw>
<kw name="Set Global Variable" library="BuiltIn">
<arg>@{docker_options}</arg>
<arg>@{options}</arg>
<doc>Makes a variable available globally in all tests and suites.</doc>
<status status="NOT RUN" starttime="20250307 15:17:12.800" endtime="20250307 15:17:12.800"/>
</kw>
<status status="PASS" starttime="20250307 15:17:12.795" endtime="20250307 15:17:12.800"/>
</kw>
<kw name="Create Webdriver for chrome preferences" library="Support_Web">
<kw name="Update Docker Execution Options" library="Support_Web">
<var>${list_prefs}</var>
<arg>${list_prefs}</arg>
<kw name="Run Keyword And Return Status" library="BuiltIn">
<var>${docker_check}</var>
<arg>Variable Should Exist</arg>
<arg>${docker_options}</arg>
<doc>Runs the given keyword with given arguments and returns the status as a Boolean value.</doc>
<kw name="Variable Should Exist" library="BuiltIn">
<arg>${docker_options}</arg>
<doc>Fails unless the given variable exists within the current scope.</doc>
<msg timestamp="20250307 15:17:12.800" level="FAIL">Variable '${docker_options}' does not exist.</msg>
<status status="FAIL" starttime="20250307 15:17:12.800" endtime="20250307 15:17:12.800"/>
</kw>
<msg timestamp="20250307 15:17:12.805" level="INFO">${docker_check} = False</msg>
<status status="PASS" starttime="20250307 15:17:12.800" endtime="20250307 15:17:12.805"/>
</kw>
<kw name="Get Length" library="BuiltIn">
<var>${list_prefs_length}</var>
<arg>${list_prefs}</arg>
<doc>Returns and logs the length of the given item as an integer.</doc>
<msg timestamp="20250307 15:17:12.805" level="INFO">Length is 1</msg>
<msg timestamp="20250307 15:17:12.805" level="INFO">${list_prefs_length} = 1</msg>
<status status="PASS" starttime="20250307 15:17:12.805" endtime="20250307 15:17:12.805"/>
</kw>
<kw name="Run Keyword If" library="BuiltIn">
<var>${list_prefs}</var>
<arg>${docker_check} and ${list_prefs_length}&gt;0 and ${list_prefs}[0] != []</arg>
<arg>Combine Lists</arg>
<arg>${list_prefs}</arg>
<arg>${docker_options}</arg>
<arg>ELSE IF</arg>
<arg>${docker_check}</arg>
<arg>Set Variable</arg>
<arg>${docker_options}</arg>
<arg>ELSE</arg>
<arg>Set Variable</arg>
<arg>${list_prefs}</arg>
<doc>Runs the given keyword with the given arguments, if ``condition`` is true.</doc>
<kw name="Set Variable" library="BuiltIn">
<arg>${list_prefs}</arg>
<doc>Returns the given values which can then be assigned to a variables.</doc>
<status status="PASS" starttime="20250307 15:17:12.805" endtime="20250307 15:17:12.805"/>
</kw>
<msg timestamp="20250307 15:17:12.805" level="INFO">${list_prefs} = [[]]</msg>
<status status="PASS" starttime="20250307 15:17:12.805" endtime="20250307 15:17:12.805"/>
</kw>
<msg timestamp="20250307 15:17:12.805" level="INFO">${list_prefs} = [[]]</msg>
<status status="PASS" starttime="20250307 15:17:12.800" endtime="20250307 15:17:12.805"/>
</kw>
<kw name="Create Chrome Options for download preferences" library="Support_Web">
<var>${chrome_options}</var>
<kw name="Evaluate" library="BuiltIn">
<var>${chrome_options}</var>
<arg>sys.modules['selenium.webdriver'].ChromeOptions()</arg>
<arg>sys</arg>
<doc>Evaluates the given expression in Python and returns the result.</doc>
<msg timestamp="20250307 15:17:12.805" level="INFO">${chrome_options} = &lt;selenium.webdriver.chrome.options.Options object at 0x000002882AE82B70&gt;</msg>
<status status="PASS" starttime="20250307 15:17:12.805" endtime="20250307 15:17:12.805"/>
</kw>
<msg timestamp="20250307 15:17:12.805" level="INFO">${chrome_options} = &lt;selenium.webdriver.chrome.options.Options object at 0x000002882AE82B70&gt;</msg>
<status status="PASS" starttime="20250307 15:17:12.805" endtime="20250307 15:17:12.805"/>
</kw>
<kw name="Update Preferences List" library="Support_Web">
<arg>${chrome_options}</arg>
<arg>@{list_prefs}</arg>
<kw name="Convert To String" library="BuiltIn">
<var>${string_prefs}</var>
<arg>${list_prefs}</arg>
<doc>Converts the given item to a Unicode string.</doc>
<msg timestamp="20250307 15:17:12.805" level="INFO">${string_prefs} = [[]]</msg>
<status status="PASS" starttime="20250307 15:17:12.805" endtime="20250307 15:17:12.805"/>
</kw>
<kw name="Return From Keyword If" library="BuiltIn">
<arg>${string_prefs} == [[]]</arg>
<doc>Returns from the enclosing user keyword if ``condition`` is true.</doc>
<msg timestamp="20250307 15:17:12.805" level="INFO">Returning from the enclosing user keyword.</msg>
<status status="PASS" starttime="20250307 15:17:12.805" endtime="20250307 15:17:12.805"/>
</kw>
<for flavor="IN">
<var>${preference}</var>
<value>@{list_prefs}</value>
<iter>
<var name="${preference}"/>
<kw name="Call Method" library="BuiltIn">
<arg>${chrome_options}</arg>
<arg>add_argument</arg>
<arg>${preference}</arg>
<doc>Calls the named method of the given object with the provided arguments.</doc>
<status status="NOT RUN" starttime="20250307 15:17:12.810" endtime="20250307 15:17:12.810"/>
</kw>
<status status="NOT RUN" starttime="20250307 15:17:12.810" endtime="20250307 15:17:12.810"/>
</iter>
<status status="NOT RUN" starttime="20250307 15:17:12.805" endtime="20250307 15:17:12.810"/>
</for>
<status status="PASS" starttime="20250307 15:17:12.805" endtime="20250307 15:17:12.810"/>
</kw>
<kw name="Call Method" library="BuiltIn">
<arg>${chrome_options}</arg>
<arg>add_experimental_option</arg>
<arg>prefs</arg>
<arg>${kw_prefs}</arg>
<doc>Calls the named method of the given object with the provided arguments.</doc>
<status status="PASS" starttime="20250307 15:17:12.810" endtime="20250307 15:17:12.810"/>
</kw>
<kw name="Set Global Variable" library="BuiltIn">
<arg>${global_browser_options}</arg>
<arg>${chrome options}</arg>
<doc>Makes a variable available globally in all tests and suites.</doc>
<msg timestamp="20250307 15:17:12.810" level="INFO">${global_browser_options} = &lt;selenium.webdriver.chrome.options.Options object at 0x000002882AE82B70&gt;</msg>
<status status="PASS" starttime="20250307 15:17:12.810" endtime="20250307 15:17:12.810"/>
</kw>
<status status="PASS" starttime="20250307 15:17:12.800" endtime="20250307 15:17:12.810"/>
</kw>
<status status="PASS" starttime="20250307 15:17:09.096" endtime="20250307 15:17:12.810"/>
</kw>
<status status="PASS" starttime="20250307 15:17:09.096" endtime="20250307 15:17:12.810"/>
</kw>
<status status="PASS" starttime="20250307 15:17:09.096" endtime="20250307 15:17:12.810"/>
</kw>
<kw name="Set Suite Metadata" library="BuiltIn">
<arg>environment</arg>
<arg>${test_server}</arg>
<doc>Sets metadata for the current test suite.</doc>
<msg timestamp="20250307 15:17:12.810" level="INFO">Set suite metadata 'environment' to value 'Dev'.</msg>
<status status="PASS" starttime="20250307 15:17:12.810" endtime="20250307 15:17:12.810"/>
</kw>
<status status="PASS" starttime="20250307 15:17:09.086" endtime="20250307 15:17:12.810"/>
</kw>
<suite id="s1-s1" name="Test scc4" source="F:\Robotframework\sap_testing\Tests\Test_scc4.robot">
<kw name="System Logon" library="SCC4" type="SETUP">
<kw name="Start Process" library="Process">
<arg>${symvar('Heineken_SAP_SERVER')}</arg>
<doc>Starts a new process on background.</doc>
<msg timestamp="20250307 15:17:12.825" level="WARN">Failed to fetch value for field: Sym.Dev.Heineken_SAP_SERVER</msg>
<msg timestamp="20250307 15:17:12.825" level="WARN">Traceback (most recent call last):
  File "F:\Robotframework\sap_testing\Execution\Access_Data.py", line 58, in get_data
    field_value = eval(command)
                  ^^^^^^^^^^^^^
  File "&lt;string&gt;", line 1, in &lt;module&gt;
AttributeError: module 'Data.Symphony.Dev' has no attribute 'Heineken_SAP_SERVER'
</msg>
<msg timestamp="20250307 15:17:12.825" level="INFO">Starting process:
""</msg>
<msg timestamp="20250307 15:17:12.830" level="FAIL">OSError: [WinError 87] The parameter is incorrect</msg>
<msg timestamp="20250307 15:17:12.830" level="WARN">Failed to fetch value for field: Sym.Dev.Heineken_SAP_SERVER</msg>
<msg timestamp="20250307 15:17:12.835" level="WARN">Traceback (most recent call last):
  File "C:\Program Files\Python312\Lib\subprocess.py", line 1026, in __init__
    self._execute_child(args, executable, preexec_fn, close_fds,
  File "C:\Program Files\Python312\Lib\subprocess.py", line 1538, in _execute_child
    hp, ht, pid, tid = _winapi.CreateProcess(executable, args,
                       ^^^^^^^^^^^^^^^^^^^^^^^^^^^^^^^^^^^^^^^
OSError: [WinError 87] The parameter is incorrect

During handling of the above exception, another exception occurred:

Traceback (most recent call last):
  File "F:\Robotframework\sap_testing\Execution\Access_Data.py", line 58, in get_data
    field_value = eval(command)
                  ^^^^^^^^^^^^^
  File "&lt;string&gt;", line 1, in &lt;module&gt;
AttributeError: module 'Data.Symphony.Dev' has no attribute 'Heineken_SAP_SERVER'
</msg>
<status status="FAIL" starttime="20250307 15:17:12.825" endtime="20250307 15:17:12.830"/>
</kw>
<kw name="Sleep" library="BuiltIn">
<arg>10s</arg>
<doc>Pauses the test executed for the given time.</doc>
<status status="NOT RUN" starttime="20250307 15:17:12.835" endtime="20250307 15:17:12.835"/>
</kw>
<kw name="Connect To Session">
<status status="NOT RUN" starttime="20250307 15:17:12.840" endtime="20250307 15:17:12.840"/>
</kw>
<kw name="Open Connection">
<arg>${symvar('Heineken_SAP_connection')}</arg>
<status status="NOT RUN" starttime="20250307 15:17:12.840" endtime="20250307 15:17:12.840"/>
</kw>
<kw name="Input Text">
<arg>wnd[0]/usr/txtRSYST-MANDT</arg>
<arg>${symvar('Heineken_Client_Id')}</arg>
<status status="NOT RUN" starttime="20250307 15:17:12.845" endtime="20250307 15:17:12.845"/>
</kw>
<kw name="Input Text">
<arg>wnd[0]/usr/txtRSYST-BNAME</arg>
<arg>${symvar('Heineken_User_Name')}</arg>
<status status="NOT RUN" starttime="20250307 15:17:12.845" endtime="20250307 15:17:12.845"/>
</kw>
<kw name="Input Password">
<arg>wnd[0]/usr/pwdRSYST-BCODE</arg>
<arg>%{DL1_PASSWORD}</arg>
<status status="NOT RUN" starttime="20250307 15:17:12.850" endtime="20250307 15:17:12.850"/>
</kw>
<kw name="Send Vkey">
<arg>0</arg>
<status status="NOT RUN" starttime="20250307 15:17:12.855" endtime="20250307 15:17:12.855"/>
</kw>
<kw name="Multiple logon Handling">
<arg>wnd[1]</arg>
<arg>wnd[1]/usr/radMULTI_LOGON_OPT2</arg>
<arg>wnd[1]/tbar[0]/btn[0]</arg>
<status status="NOT RUN" starttime="20250307 15:17:12.855" endtime="20250307 15:17:12.855"/>
</kw>
<kw name="Sleep" library="BuiltIn">
<arg>1</arg>
<doc>Pauses the test executed for the given time.</doc>
<status status="NOT RUN" starttime="20250307 15:17:12.855" endtime="20250307 15:17:12.855"/>
</kw>
<status status="FAIL" starttime="20250307 15:17:12.825" endtime="20250307 15:17:12.855"/>
</kw>
<test id="s1-s1-t1" name="SCC4" line="8">
<tag>Regression</tag>
<tag>scc4_heineken</tag>
<status status="FAIL" starttime="20250307 15:17:12.855" endtime="20250307 15:17:12.860">Parent suite setup failed:
OSError: [WinError 87] The parameter is incorrect</status>
</test>
<kw name="System Logout" library="SCC4" type="TEARDOWN">
<kw name="Run Transaction">
<arg>/nex</arg>
<msg timestamp="20250307 15:17:12.865" level="FAIL">No keyword with name 'Run Transaction' found. Did you try using keyword 'OperatingSystem.Run' and forgot to use enough whitespace between keyword and arguments?</msg>
<status status="FAIL" starttime="20250307 15:17:12.865" endtime="20250307 15:17:12.865"/>
</kw>
<kw name="Sleep" library="BuiltIn">
<arg>5</arg>
<doc>Pauses the test executed for the given time.</doc>
<msg timestamp="20250307 15:17:17.867" level="INFO">Slept 5 seconds</msg>
<status status="PASS" starttime="20250307 15:17:12.865" endtime="20250307 15:17:17.867"/>
</kw>
<status status="FAIL" starttime="20250307 15:17:12.865" endtime="20250307 15:17:17.867">No keyword with name 'Run Transaction' found. Did you try using keyword 'OperatingSystem.Run' and forgot to use enough whitespace between keyword and arguments?</status>
</kw>
<status status="FAIL" starttime="20250307 15:17:12.810" endtime="20250307 15:17:17.867">Suite setup failed:
OSError: [WinError 87] The parameter is incorrect

Also suite teardown failed:
No keyword with name 'Run Transaction' found. Did you try using keyword 'OperatingSystem.Run' and forgot to use enough whitespace between keyword and arguments?</status>
</suite>
<doc>Testing functionality through Robot Framework</doc>
<meta name="environment">Dev</meta>
<meta name="test_browser_name">chrome</meta>
<meta name="test_browser_version">133.0.6943.142</meta>
<meta name="test_driver_version">133.0.6943.53 </meta>
<meta name="test_environment">Dev</meta>
<meta name="test_freeze_dependencies">astroid==3.3.8,attrs==25.1.0,beautifulsoup4==4.13.3,bs4==0.0.2,certifi==2025.1.31,cffi==1.17.1,chardet==5.2.0,charset-normalizer==3.4.1,click==8.1.8,colorama==0.4.6,cryptography==44.0.1,defusedxml==0.7.1,dill==0.3.9,docutils==0.21.2,exceptiongroup==1.2.2,gitdb==4.0.12,GitPython==3.1.44,h11==0.14.0,idna==3.10,isort==6.0.1,Jinja2==3.1.5,jira==3.8.0,jsonpath-ng==1.7.0,jsonschema==4.23.0,jsonschema-specifications==2024.10.1,lazy-object-proxy==1.10.0,lxml==5.3.1,markdown-it-py==3.0.0,MarkupSafe==3.0.2,mccabe==0.7.0,mdurl==0.1.2,natsort==8.4.0,oauthlib==3.2.2,outcome==1.3.0.post0,packaging==24.2,pathspec==0.11.2,pillow==11.1.0,pip==25.0.1,platformdirs==4.3.6,ply==3.11,pycparser==2.22,Pygments==2.19.1,pylint==3.3.4,PySocks==1.7.1,pywin32==308,PyYAML==6.0.2,referencing==0.36.2,requests==2.32.3,requests-oauthlib==2.0.0,requests-toolbelt==1.0.0,rich==13.9.4,rich-click==1.6.1,robotframework==6.0.2,robotframework-datadriver==1.9.0,robotframework-jsonlibrary==0.5,robotframework-pabot==2.16.0,robotframework-pythonlibcore==4.2.0,robotframework-requests==0.9.2,robotframework-sapguilibrary==1.1,robotframework-seleniumlibrary==5.1.3,robotframework-stacktrace==0.4.1,robotframework-tidy==4.5.0,rpds-py==0.23.1,selenium==4.9.1,setuptools==75.8.2,smmap==5.0.2,sniffio==1.3.1,sortedcontainers==2.4.0,soupsieve==2.6,tomli==2.0.2,tomlkit==0.13.2,trio==0.29.0,trio-websocket==0.12.2,typing_extensions==4.12.2,urllib3==2.3.0,wheel==0.45.1,wrapt==1.17.2,wsproto==1.2.0</meta>
<status status="FAIL" starttime="20250307 15:17:08.671" endtime="20250307 15:17:17.962"/>
</suite>
<statistics>
<total>
<stat pass="0" fail="1" skip="0">All Tests</stat>
</total>
<tag>
<stat pass="0" fail="1" skip="0">Regression</stat>
<stat pass="0" fail="1" skip="0">scc4_heineken</stat>
</tag>
<suite>
<stat pass="0" fail="1" skip="0" id="s1" name="Tests">Tests</stat>
<stat pass="0" fail="1" skip="0" id="s1-s1" name="Test scc4">Tests.Test scc4</stat>
</suite>
</statistics>
<errors>
<msg timestamp="20250307 15:17:12.821" level="ERROR">Error in file 'F:\Robotframework\sap_testing\Tests\Resource\SCC4.robot' on line 3: Library 'SAP_Tcode_Library.py' does not exist.</msg>
<msg timestamp="20250307 15:17:12.825" level="ERROR">Error in file 'F:\Robotframework\sap_testing\Tests\Resource\SCC4.robot' on line 6: Library 'Merger.py' does not exist.</msg>
<msg timestamp="20250307 15:17:12.825" level="WARN">Failed to fetch value for field: Sym.Dev.Heineken_SAP_SERVER</msg>
<msg timestamp="20250307 15:17:12.825" level="WARN">Traceback (most recent call last):
  File "F:\Robotframework\sap_testing\Execution\Access_Data.py", line 58, in get_data
    field_value = eval(command)
                  ^^^^^^^^^^^^^
  File "&lt;string&gt;", line 1, in &lt;module&gt;
AttributeError: module 'Data.Symphony.Dev' has no attribute 'Heineken_SAP_SERVER'
</msg>
<msg timestamp="20250307 15:17:12.830" level="WARN">Failed to fetch value for field: Sym.Dev.Heineken_SAP_SERVER</msg>
<msg timestamp="20250307 15:17:12.835" level="WARN">Traceback (most recent call last):
  File "C:\Program Files\Python312\Lib\subprocess.py", line 1026, in __init__
    self._execute_child(args, executable, preexec_fn, close_fds,
  File "C:\Program Files\Python312\Lib\subprocess.py", line 1538, in _execute_child
    hp, ht, pid, tid = _winapi.CreateProcess(executable, args,
                       ^^^^^^^^^^^^^^^^^^^^^^^^^^^^^^^^^^^^^^^
OSError: [WinError 87] The parameter is incorrect

During handling of the above exception, another exception occurred:

Traceback (most recent call last):
  File "F:\Robotframework\sap_testing\Execution\Access_Data.py", line 58, in get_data
    field_value = eval(command)
                  ^^^^^^^^^^^^^
  File "&lt;string&gt;", line 1, in &lt;module&gt;
AttributeError: module 'Data.Symphony.Dev' has no attribute 'Heineken_SAP_SERVER'
</msg>
</errors>
</robot>
