<?xml version="1.0" encoding="utf-8"?>
<robot generated="20240405 11:10:44.341" generator="Rebot 6.0.2 (Python 3.12.1 on win32)" rpa="false" schemaversion="3">
 <suite id="s1" name="Tests" source="C:\RobotFramework\sap_testing\Tests">
  <kw name="Setup highest level suite" type="SETUP">
   <kw library="BuiltIn" name="Set Variable">
    <var>
     ${d.test_server}
    </var>
    <arg>
     ${test_server}
    </arg>
    <doc>
     Returns the given values which can then be assigned to a variables.
    </doc>
    <msg level="INFO" timestamp="20240405 11:10:43.763">
     ${d.test_server} = Dev
    </msg>
    <status endtime="20240405 11:10:43.763" starttime="20240405 11:10:43.763" status="PASS"/>
   </kw>
   <kw library="Support" name="Reset screenshot count variable">
    <kw library="BuiltIn" name="Set Variable">
     <var>
      ${screenshotCount}
     </var>
     <arg>
      ${PABOTQUEUEINDEX}_1
     </arg>
     <doc>
      Returns the given values which can then be assigned to a variables.
     </doc>
     <msg level="INFO" timestamp="20240405 11:10:43.763">
      ${screenshotCount} = 0_1
     </msg>
     <status endtime="20240405 11:10:43.763" starttime="20240405 11:10:43.763" status="PASS"/>
    </kw>
    <kw library="BuiltIn" name="Set Global Variable">
     <arg>
      ${screenshotCount}
     </arg>
     <doc>
      Makes a variable available globally in all tests and suites.
     </doc>
     <msg level="INFO" timestamp="20240405 11:10:43.763">
      ${screenshotCount} = 0_1
     </msg>
     <status endtime="20240405 11:10:43.763" starttime="20240405 11:10:43.763" status="PASS"/>
    </kw>
    <kw library="Support" name="Set up screenshot directory">
     <kw library="OperatingSystem" name="Create Directory">
      <arg>
       ${OUTPUTDIR}${/}${wvar('screenshot_dir')}
      </arg>
      <doc>
       Creates the specified directory.
      </doc>
      <msg level="FAIL" timestamp="20240405 11:10:43.763">
       Resolving variable '${wvar('screenshot_dir')}' failed: Variable '${wvar}' not found.
      </msg>
      <status endtime="20240405 11:10:43.763" starttime="20240405 11:10:43.763" status="FAIL"/>
     </kw>
     <status endtime="20240405 11:10:43.763" starttime="20240405 11:10:43.763" status="FAIL"/>
    </kw>
    <status endtime="20240405 11:10:43.763" starttime="20240405 11:10:43.763" status="FAIL"/>
   </kw>
   <kw library="BuiltIn" name="Set Global Variable">
    <arg>
     ${screenshot_taking}
    </arg>
    <arg>
     ${True}
    </arg>
    <doc>
     Makes a variable available globally in all tests and suites.
    </doc>
    <status endtime="20240405 11:10:43.763" starttime="20240405 11:10:43.763" status="NOT RUN"/>
   </kw>
   <kw library="Support" name="Setup linux execution">
    <status endtime="20240405 11:10:43.763" starttime="20240405 11:10:43.763" status="NOT RUN"/>
   </kw>
   <kw library="BuiltIn" name="Set Suite Metadata">
    <arg>
     environment
    </arg>
    <arg>
     ${test_server}
    </arg>
    <doc>
     Sets metadata for the current test suite.
    </doc>
    <status endtime="20240405 11:10:43.763" starttime="20240405 11:10:43.763" status="NOT RUN"/>
   </kw>
   <status endtime="20240405 11:10:43.763" starttime="20240405 11:10:43.763" status="FAIL"/>
  </kw>
  <suite id="s1-s1" name="Test STRUST" source="C:\RobotFramework\sap_testing\Tests\Test_STRUST.robot">
   <test id="s1-s1-t1" line="9" name="Executing STRUST">
    <tag>
     Regression
    </tag>
    <tag>
     STRUST
    </tag>
    <status endtime="20240405 11:10:43.763" starttime="20240405 11:10:43.763" status="FAIL">
     Parent suite setup failed:
Resolving variable '${wvar('screenshot_dir')}' failed: Variable '${wvar}' not found.
    </status>
   </test>
   <status endtime="20240405 11:10:43.763" starttime="20240405 11:10:43.763" status="FAIL">
    Parent suite setup failed:
Resolving variable '${wvar('screenshot_dir')}' failed: Variable '${wvar}' not found.
   </status>
  </suite>
  <doc>
   Testing functionality through Robot Framework
  </doc>
  <meta name="test_environment">
   Dev
  </meta>
  <meta name="test_freeze_dependencies">
   astroid==3.1.0,attrs==23.2.0,beautifulsoup4==4.12.3,bs4==0.0.2,certifi==2024.2.2,cffi==1.16.0,chardet==5.2.0,charset-normalizer==3.3.2,click==8.1.7,colorama==0.4.6,cryptography==42.0.5,defusedxml==0.7.1,dill==0.3.8,docutils==0.20.1,exceptiongroup==1.2.0,gitdb==4.0.11,GitPython==3.1.43,h11==0.14.0,idna==3.6,isort==5.13.2,Jinja2==3.1.3,jira==3.8.0,jsonpath-ng==1.6.1,jsonschema==4.21.1,jsonschema-specifications==2023.12.1,lazy-object-proxy==1.10.0,lxml==5.2.1,markdown-it-py==3.0.0,MarkupSafe==2.1.5,mccabe==0.7.0,mdurl==0.1.2,natsort==8.4.0,oauthlib==3.2.2,outcome==1.3.0.post0,packaging==24.0,pathspec==0.11.2,pillow==10.3.0,pip==24.0,platformdirs==4.2.0,ply==3.11,pycparser==2.22,Pygments==2.17.2,pylint==3.1.0,PySocks==1.7.1,pywin32==306,PyYAML==6.0.1,referencing==0.34.0,requests==2.31.0,requests-oauthlib==2.0.0,requests-toolbelt==1.0.0,rich==13.7.1,rich-click==1.6.1,robotframework==6.0.2,robotframework-datadriver==1.9.0,robotframework-jsonlibrary==0.5,robotframework-pabot==2.16.0,robotframework-pythonlibcore==4.2.0,robotframework-requests==0.9.2,robotframework-sapguilibrary==1.1,robotframework-seleniumlibrary==5.1.3,robotframework-stacktrace==0.4.1,robotframework-tidy==4.5.0,rpds-py==0.18.0,selenium==4.9.1,setuptools==69.2.0,smmap==5.0.1,sniffio==1.3.1,sortedcontainers==2.4.0,soupsieve==2.5,tomli==2.0.1,tomlkit==0.12.4,trio==0.25.0,trio-websocket==0.11.1,typing_extensions==4.10.0,urllib3==2.2.1,wheel==0.43.0,wrapt==1.16.0,wsproto==1.2.0
  </meta>
  <status endtime="20240405 11:10:44.060" starttime="20240405 11:10:43.513" status="FAIL">
   Suite setup failed:
Resolving variable '${wvar('screenshot_dir')}' failed: Variable '${wvar}' not found.
  </status>
 </suite>
 <statistics>
  <total>
   <stat fail="1" pass="0" skip="0">
    All Tests
   </stat>
  </total>
  <tag>
   <stat fail="1" pass="0" skip="0">
    Regression
   </stat>
   <stat fail="1" pass="0" skip="0">
    STRUST
   </stat>
  </tag>
  <suite>
   <stat fail="1" id="s1" name="Tests" pass="0" skip="0">
    Tests
   </stat>
   <stat fail="1" id="s1-s1" name="Test STRUST" pass="0" skip="0">
    Tests.Test STRUST
   </stat>
  </suite>
 </statistics>
 <errors>
  <msg level="ERROR" timestamp="20240405 11:10:43.513">
   Processing variable file 'C:\RobotFramework\sap_testing\Execution\Access_Data.py' failed: Importing variable file 'C:\RobotFramework\sap_testing\Execution\Access_Data.py' failed: ModuleNotFoundError: No module named 'Data.Symphony.Dev.Data'
Traceback (most recent call last):
  File "C:\RobotFramework\sap_testing\Execution\Access_Data.py", line 15, in &lt;module&gt;
    import Data.Symphony as Sym
  File "C:\RobotFramework\sap_testing\Data\Symphony\__init__.py", line 1, in &lt;module&gt;
    from . import Dev
  File "C:\RobotFramework\sap_testing\Data\Symphony\Dev\__init__.py", line 6, in &lt;module&gt;
    from .Data import *
PYTHONPATH:
  C:\RobotFramework\sap_testing\Execution
  C:\RobotFramework\sap_testing\RoboEnvironment\Symphony\Scripts\robot.exe
  C:\Users\azureadmin\AppData\Local\Programs\Python\Python312\python312.zip
  C:\Users\azureadmin\AppData\Local\Programs\Python\Python312\DLLs
  C:\Users\azureadmin\AppData\Local\Programs\Python\Python312\Lib
  C:\Users\azureadmin\AppData\Local\Programs\Python\Python312
  C:\RobotFramework\sap_testing\RoboEnvironment\Symphony
  C:\RobotFramework\sap_testing\RoboEnvironment\Symphony\Lib\site-packages
  C:\RobotFramework\sap_testing\RoboEnvironment\Symphony\Lib\site-packages\win32
  C:\RobotFramework\sap_testing\RoboEnvironment\Symphony\Lib\site-packages\win32\lib
  C:\RobotFramework\sap_testing\RoboEnvironment\Symphony\Lib\site-packages\Pythonwin
  C:\RobotFramework\sap_testing
  </msg>
 </errors>
</robot>
