<?xml version="1.0" encoding="utf-8"?>
<robot generated="20240726 04:57:03.267" generator="Rebot 6.0.2 (Python 3.12.3 on win32)" rpa="false" schemaversion="3">
 <suite id="s1" name="Tests" source="C:\RobotFramework\sap_testing\Tests">
  <kw name="Setup highest level suite" type="SETUP">
   <kw library="BuiltIn" name="Set Variable">
    <var>
     ${d.test_server}
    </var>
    <arg>
     ${test_server}
    </arg>
    <doc>
     Returns the given values which can then be assigned to a variables.
    </doc>
    <msg level="INFO" timestamp="20240726 04:56:57.322">
     ${d.test_server} = Dev
    </msg>
    <status endtime="20240726 04:56:57.322" starttime="20240726 04:56:57.322" status="PASS"/>
   </kw>
   <kw library="Support" name="Reset screenshot count variable">
    <kw library="BuiltIn" name="Set Variable">
     <var>
      ${screenshotCount}
     </var>
     <arg>
      ${PABOTQUEUEINDEX}_1
     </arg>
     <doc>
      Returns the given values which can then be assigned to a variables.
     </doc>
     <msg level="INFO" timestamp="20240726 04:56:57.322">
      ${screenshotCount} = 0_1
     </msg>
     <status endtime="20240726 04:56:57.322" starttime="20240726 04:56:57.322" status="PASS"/>
    </kw>
    <kw library="BuiltIn" name="Set Global Variable">
     <arg>
      ${screenshotCount}
     </arg>
     <doc>
      Makes a variable available globally in all tests and suites.
     </doc>
     <msg level="INFO" timestamp="20240726 04:56:57.322">
      ${screenshotCount} = 0_1
     </msg>
     <status endtime="20240726 04:56:57.322" starttime="20240726 04:56:57.322" status="PASS"/>
    </kw>
    <kw library="Support" name="Set up screenshot directory">
     <kw library="OperatingSystem" name="Create Directory">
      <arg>
       ${OUTPUTDIR}${/}${wvar('screenshot_dir')}
      </arg>
      <doc>
       Creates the specified directory.
      </doc>
      <msg level="INFO" timestamp="20240726 04:56:57.322">
       Web.Dev.screenshot_dir: Screenshot
      </msg>
      <msg html="true" level="INFO" timestamp="20240726 04:56:57.322">
       Created directory '&lt;a href="file://C:\RobotFramework\sap_testing\Output\3602744d-ea2c-4d56-870c-20c1423725d7\pabot_results\0\Screenshot"&gt;C:\RobotFramework\sap_testing\Output\3602744d-ea2c-4d56-870c-20c1423725d7\pabot_results\0\Screenshot&lt;/a&gt;'.
      </msg>
      <status endtime="20240726 04:56:57.322" starttime="20240726 04:56:57.322" status="PASS"/>
     </kw>
     <status endtime="20240726 04:56:57.322" starttime="20240726 04:56:57.322" status="PASS"/>
    </kw>
    <status endtime="20240726 04:56:57.322" starttime="20240726 04:56:57.322" status="PASS"/>
   </kw>
   <kw library="BuiltIn" name="Set Global Variable">
    <arg>
     ${screenshot_taking}
    </arg>
    <arg>
     ${True}
    </arg>
    <doc>
     Makes a variable available globally in all tests and suites.
    </doc>
    <msg level="INFO" timestamp="20240726 04:56:57.322">
     ${screenshot_taking} = True
    </msg>
    <status endtime="20240726 04:56:57.322" starttime="20240726 04:56:57.322" status="PASS"/>
   </kw>
   <kw library="Support" name="Setup linux execution">
    <kw library="BuiltIn" name="Run Keyword And Return Status">
     <var>
      ${web_test_check}
     </var>
     <arg>
      Variable Should Exist
     </arg>
     <arg>
      ${web_test}
     </arg>
     <doc>
      Runs the given keyword with given arguments and returns the status as a Boolean value.
     </doc>
     <kw library="BuiltIn" name="Variable Should Exist">
      <arg>
       ${web_test}
      </arg>
      <doc>
       Fails unless the given variable exists within the current scope.
      </doc>
      <status endtime="20240726 04:56:57.322" starttime="20240726 04:56:57.322" status="PASS"/>
     </kw>
     <msg level="INFO" timestamp="20240726 04:56:57.322">
      ${web_test_check} = True
     </msg>
     <status endtime="20240726 04:56:57.322" starttime="20240726 04:56:57.322" status="PASS"/>
    </kw>
    <kw library="BuiltIn" name="Run Keyword If">
     <arg>
      ${web_test_check}
     </arg>
     <arg>
      Setup Docker Execution Options
     </arg>
     <doc>
      Runs the given keyword with the given arguments, if ``condition`` is true.
     </doc>
     <kw library="Support_Web" name="Setup Docker Execution Options">
      <kw library="Support_Web" name="Setup Suite Metadata">
       <arg>
        ${browser}
       </arg>
       <kw library="BrowserSupport" name="Get Browser Metadata">
        <var>
         &amp;{browser_information}
        </var>
        <arg>
         browser=${browser}
        </arg>
        <doc>
         Fetches browser metadata information
:param browser: Name of the browser for which information is fetched
:param reload: Re-read the metadata based on the browser
:return: Browser metadata information, dict of format
            {"browser_version": browser version value,
             "driver_version": driver version value}
        </doc>
        <msg level="FAIL" timestamp="20240726 04:57:00.496">
         SessionNotCreatedException: Message: session not created: This version of ChromeDriver only supports Chrome version 125
Current browser version is 127.0.6533.72 with binary path C:\Program Files\Google\Chrome\Application\chrome.exe
Stacktrace:
	GetHandleVerifier [0x00007FF752961F52+60322]
	(No symbol) [0x00007FF7528DCEC9]
	(No symbol) [0x00007FF752797EBA]
	(No symbol) [0x00007FF7527D6202]
	(No symbol) [0x00007FF7527D53D8]
	(No symbol) [0x00007FF7527CEFD7]
	(No symbol) [0x00007FF7527CAF74]
	(No symbol) [0x00007FF752817934]
	(No symbol) [0x00007FF752816F90]
	(No symbol) [0x00007FF75280BFC3]
	(No symbol) [0x00007FF7527D9617]
	(No symbol) [0x00007FF7527DA211]
	GetHandleVerifier [0x00007FF752C794AD+3301629]
	GetHandleVerifier [0x00007FF752CC36D3+3605283]
	GetHandleVerifier [0x00007FF752CB9450+3563680]
	GetHandleVerifier [0x00007FF752A14326+790390]
	(No symbol) [0x00007FF7528E750F]
	(No symbol) [0x00007FF7528E3404]
	(No symbol) [0x00007FF7528E3592]
	(No symbol) [0x00007FF7528D2F9F]
	BaseThreadInitThunk [0x00007FFC3BCB84D4+20]
	RtlUserThreadStart [0x00007FFC3E371A11+33]
        </msg>
        <status endtime="20240726 04:57:00.590" starttime="20240726 04:56:57.322" status="FAIL"/>
       </kw>
       <kw library="BuiltIn" name="Set Suite Metadata">
        <arg>
         test_browser_name
        </arg>
        <arg>
         ${browser}
        </arg>
        <doc>
         Sets metadata for the current test suite.
        </doc>
        <status endtime="20240726 04:57:00.590" starttime="20240726 04:57:00.590" status="NOT RUN"/>
       </kw>
       <kw library="BuiltIn" name="Set Suite Metadata">
        <arg>
         test_browser_version
        </arg>
        <arg>
         ${browser_information.browser_version}
        </arg>
        <doc>
         Sets metadata for the current test suite.
        </doc>
        <status endtime="20240726 04:57:00.590" starttime="20240726 04:57:00.590" status="NOT RUN"/>
       </kw>
       <kw library="BuiltIn" name="Set Suite Metadata">
        <arg>
         test_driver_version
        </arg>
        <arg>
         ${browser_information.driver_version}
        </arg>
        <doc>
         Sets metadata for the current test suite.
        </doc>
        <status endtime="20240726 04:57:00.590" starttime="20240726 04:57:00.590" status="NOT RUN"/>
       </kw>
       <status endtime="20240726 04:57:00.590" starttime="20240726 04:56:57.322" status="FAIL"/>
      </kw>
      <kw library="Support_Web" name="Setup Global Docker Execution Options">
       <status endtime="20240726 04:57:00.590" starttime="20240726 04:57:00.590" status="NOT RUN"/>
      </kw>
      <kw library="Support_Web" name="Create Webdriver for chrome preferences">
       <status endtime="20240726 04:57:00.590" starttime="20240726 04:57:00.590" status="NOT RUN"/>
      </kw>
      <status endtime="20240726 04:57:00.590" starttime="20240726 04:56:57.322" status="FAIL"/>
     </kw>
     <status endtime="20240726 04:57:00.590" starttime="20240726 04:56:57.322" status="FAIL"/>
    </kw>
    <status endtime="20240726 04:57:00.590" starttime="20240726 04:56:57.322" status="FAIL"/>
   </kw>
   <kw library="BuiltIn" name="Set Suite Metadata">
    <arg>
     environment
    </arg>
    <arg>
     ${test_server}
    </arg>
    <doc>
     Sets metadata for the current test suite.
    </doc>
    <status endtime="20240726 04:57:00.590" starttime="20240726 04:57:00.590" status="NOT RUN"/>
   </kw>
   <status endtime="20240726 04:57:00.590" starttime="20240726 04:56:57.322" status="FAIL"/>
  </kw>
  <suite id="s1-s1" name="Test Get User Roles" source="C:\RobotFramework\sap_testing\Tests\Test_Get_User_Roles.robot">
   <test id="s1-s1-t1" line="9" name="Write User Role into Excel sheet">
    <tag>
     Get_User_role
    </tag>
    <tag>
     Regression
    </tag>
    <status endtime="20240726 04:57:00.590" starttime="20240726 04:57:00.590" status="FAIL">
     Parent suite setup failed:
SessionNotCreatedException: Message: session not created: This version of ChromeDriver only supports Chrome version 125
Current browser version is 127.0.6533.72 with binary path C:\Program Files\Google\Chrome\Application\chrome.exe
Stacktrace:
	GetHandleVerifier [0x00007FF752961F52+60322]
	(No symbol) [0x00007FF7528DCEC9]
	(No symbol) [0x00007FF752797EBA]
	(No symbol) [0x00007FF7527D6202]
	(No symbol) [0x00007FF7527D53D8]
	(No symbol) [0x00007FF7527CEFD7]
	(No symbol) [0x00007FF7527CAF74]
	(No symbol) [0x00007FF752817934]
	(No symbol) [0x00007FF752816F90]
	(No symbol) [0x00007FF75280BFC3]
	(No symbol) [0x00007FF7527D9617]
	(No symbol) [0x00007FF7527DA211]
	GetHandleVerifier [0x00007FF752C794AD+3301629]
	GetHandleVerifier [0x00007FF752CC36D3+3605283]
	GetHandleVerifier [0x00007FF752CB9450+3563680]
	GetHandleVerifier [0x00007FF752A14326+790390]
	(No symbol) [0x00007FF7528E750F]
	(No symbol) [0x00007FF7528E3404]
	(No symbol) [0x00007FF7528E3592]
	(No symbol) [0x00007FF7528D2F9F]
	BaseThreadInitThunk [0x00007FFC3BCB84D4+20]
	RtlUserThreadStart [0x00007FFC3E371A11+33]
    </status>
   </test>
   <status endtime="20240726 04:57:00.590" starttime="20240726 04:57:00.590" status="FAIL">
    Parent suite setup failed:
SessionNotCreatedException: Message: session not created: This version of ChromeDriver only supports Chrome version 125
Current browser version is 127.0.6533.72 with binary path C:\Program Files\Google\Chrome\Application\chrome.exe
Stacktrace:
	GetHandleVerifier [0x00007FF752961F52+60322]
	(No symbol) [0x00007FF7528DCEC9]
	(No symbol) [0x00007FF752797EBA]
	(No symbol) [0x00007FF7527D6202]
	(No symbol) [0x00007FF7527D53D8]
	(No symbol) [0x00007FF7527CEFD7]
	(No symbol) [0x00007FF7527CAF74]
	(No symbol) [0x00007FF752817934]
	(No symbol) [0x00007FF752816F90]
	(No symbol) [0x00007FF75280BFC3]
	(No symbol) [0x00007FF7527D9617]
	(No symbol) [0x00007FF7527DA211]
	GetHandleVerifier [0x00007FF752C794AD+3301629]
	GetHandleVerifier [0x00007FF752CC36D3+3605283]
	GetHandleVerifier [0x00007FF752CB9450+3563680]
	GetHandleVerifier [0x00007FF752A14326+790390]
	(No symbol) [0x00007FF7528E750F]
	(No symbol) [0x00007FF7528E3404]
	(No symbol) [0x00007FF7528E3592]
	(No symbol) [0x00007FF7528D2F9F]
	BaseThreadInitThunk [0x00007FFC3BCB84D4+20]
	RtlUserThreadStart [0x00007FFC3E371A11+33]
   </status>
  </suite>
  <doc>
   Testing functionality through Robot Framework
  </doc>
  <meta name="test_environment">
   Dev
  </meta>
  <meta name="test_freeze_dependencies">
   annotated-types==0.7.0,arrow==1.3.0,astroid==3.2.2,asttokens==2.4.1,attrs==23.2.0,beautifulsoup4==4.12.3,binaryornot==0.4.4,bs4==0.0.2,certifi==2024.6.2,cffi==1.16.0,chardet==5.2.0,charset-normalizer==3.3.2,click==8.1.7,colorama==0.4.6,cookiecutter==2.6.0,cryptography==42.0.7,decorator==5.1.1,defusedxml==0.7.1,dill==0.3.8,docutils==0.21.2,et-xmlfile==1.1.0,exceptiongroup==1.2.1,executing==2.0.1,gitdb==4.0.11,GitPython==3.1.43,grpcio==1.64.1,h11==0.14.0,idna==3.7,ipython==8.25.0,isort==5.13.2,jaraco.classes==3.4.0,jaraco.context==5.3.0,jaraco.functools==4.0.1,jedi==0.19.1,Jinja2==3.1.4,jira==3.8.0,jsonpath-ng==1.6.1,jsonschema==4.22.0,jsonschema-specifications==2023.12.1,keyring==25.2.1,lazy-object-proxy==1.10.0,lxml==5.2.2,markdown-it-py==3.0.0,MarkupSafe==2.1.5,matplotlib-inline==0.1.7,mccabe==0.7.0,mdurl==0.1.2,more-itertools==10.3.0,natsort==8.4.0,numpy==2.0.0,oauthlib==3.2.2,openpyxl==3.1.5,outcome==1.3.0.post0,packaging==24.0,pandas==2.2.2,parso==0.8.4,pathspec==0.11.2,pillow==10.3.0,pip==24.1.2,platformdirs==4.2.2,ply==3.11,prompt_toolkit==3.0.47,pure-eval==0.2.2,pycparser==2.22,pydantic==2.7.4,pydantic_core==2.18.4,Pygments==2.18.0,pylint==3.2.2,PyPDF2==3.0.1,PySocks==1.7.1,python-dateutil==2.9.0.post0,python-dotenv==1.0.1,python-slugify==8.0.4,pytz==2024.1,pywin32==306,pywin32-ctypes==0.2.2,PyYAML==6.0.1,redis==5.0.6,referencing==0.35.1,reportlab==4.2.0,requests==2.32.3,requests-oauthlib==2.0.0,requests-toolbelt==1.0.0,RestrictedPython==7.1,rich==13.7.1,rich-click==1.6.1,robotframework==6.0.2,robotframework-datadriver==1.9.0,robotframework-excellib==2.0.1,robotframework-jsonlibrary==0.5,robotframework-pabot==2.16.0,robotframework-pythonlibcore==4.2.0,robotframework-requests==0.9.2,robotframework-sapguilibrary==1.1,robotframework-seleniumlibrary==5.1.3,robotframework-stacktrace==0.4.1,robotframework-tidy==4.5.0,rpds-py==0.18.1,selenium==4.9.1,setuptools==70.0.0,shellingham==1.5.4,six==1.16.0,smmap==5.0.1,sniffio==1.3.1,sortedcontainers==2.4.0,soupsieve==2.5,stack-data==0.6.3,statsd==4.0.1,text-unidecode==1.3,tomli==2.0.1,tomlkit==0.12.5,traitlets==5.14.3,trio==0.25.1,trio-websocket==0.11.1,typer==0.12.3,types-python-dateutil==2.9.0.20240316,typing_extensions==4.12.1,tzdata==2024.1,urllib3==2.2.1,wcwidth==0.2.13,websocket-client==1.8.0,wheel==0.43.0,wrapt==1.16.0,wsproto==1.2.0
  </meta>
  <status endtime="20240726 04:57:00.871" starttime="20240726 04:56:55.133" status="FAIL">
   Suite setup failed:
SessionNotCreatedException: Message: session not created: This version of ChromeDriver only supports Chrome version 125
Current browser version is 127.0.6533.72 with binary path C:\Program Files\Google\Chrome\Application\chrome.exe
Stacktrace:
	GetHandleVerifier [0x00007FF752961F52+60322]
	(No symbol) [0x00007FF7528DCEC9]
	(No symbol) [0x00007FF752797EBA]
	(No symbol) [0x00007FF7527D6202]
	(No symbol) [0x00007FF7527D53D8]
	(No symbol) [0x00007FF7527CEFD7]
	(No symbol) [0x00007FF7527CAF74]
	(No symbol) [0x00007FF752817934]
	(No symbol) [0x00007FF752816F90]
	(No symbol) [0x00007FF75280BFC3]
	(No symbol) [0x00007FF7527D9617]
	(No symbol) [0x00007FF7527DA211]
	GetHandleVerifier [0x00007FF752C794AD+3301629]
	GetHandleVerifier [0x00007FF752CC36D3+3605283]
	GetHandleVerifier [0x00007FF752CB9450+3563680]
	GetHandleVerifier [0x00007FF752A14326+790390]
	(No symbol) [0x00007FF7528E750F]
	(No symbol) [0x00007FF7528E3404]
	(No symbol) [0x00007FF7528E3592]
	(No symbol) [0x00007FF7528D2F9F]
	BaseThreadInitThunk [0x00007FFC3BCB84D4+20]
	RtlUserThreadStart [0x00007FFC3E371A11+33]
  </status>
 </suite>
 <statistics>
  <total>
   <stat fail="1" pass="0" skip="0">
    All Tests
   </stat>
  </total>
  <tag>
   <stat fail="1" pass="0" skip="0">
    Get_User_role
   </stat>
   <stat fail="1" pass="0" skip="0">
    Regression
   </stat>
  </tag>
  <suite>
   <stat fail="1" id="s1" name="Tests" pass="0" skip="0">
    Tests
   </stat>
   <stat fail="1" id="s1-s1" name="Test Get User Roles" pass="0" skip="0">
    Tests.Test Get User Roles
   </stat>
  </suite>
 </statistics>
 <errors>
 </errors>
</robot>
