<?xml version="1.0" encoding="UTF-8"?>
<robot generator="Robot 6.0.2 (Python 3.12.3 on win32)" generated="20240917 06:38:13.483" rpa="false" schemaversion="3">
<suite id="s1" name="Tests" source="C:\RobotFramework\sap_testing\Tests">
<kw name="Setup highest level suite" type="SETUP">
<kw name="Set Variable" library="BuiltIn">
<var>${d.test_server}</var>
<arg>${test_server}</arg>
<doc>Returns the given values which can then be assigned to a variables.</doc>
<msg timestamp="20240917 06:38:14.280" level="INFO">${d.test_server} = Dev</msg>
<status status="PASS" starttime="20240917 06:38:14.280" endtime="20240917 06:38:14.280"/>
</kw>
<kw name="Reset screenshot count variable" library="Support">
<kw name="Set Variable" library="BuiltIn">
<var>${screenshotCount}</var>
<arg>${PABOTQUEUEINDEX}_1</arg>
<doc>Returns the given values which can then be assigned to a variables.</doc>
<msg timestamp="20240917 06:38:14.280" level="INFO">${screenshotCount} = 0_1</msg>
<status status="PASS" starttime="20240917 06:38:14.280" endtime="20240917 06:38:14.280"/>
</kw>
<kw name="Set Global Variable" library="BuiltIn">
<arg>${screenshotCount}</arg>
<doc>Makes a variable available globally in all tests and suites.</doc>
<msg timestamp="20240917 06:38:14.280" level="INFO">${screenshotCount} = 0_1</msg>
<status status="PASS" starttime="20240917 06:38:14.280" endtime="20240917 06:38:14.280"/>
</kw>
<kw name="Set up screenshot directory" library="Support">
<kw name="Create Directory" library="OperatingSystem">
<arg>${OUTPUTDIR}${/}${wvar('screenshot_dir')}</arg>
<doc>Creates the specified directory.</doc>
<msg timestamp="20240917 06:38:14.280" level="INFO">Web.Dev.screenshot_dir: Screenshot</msg>
<msg timestamp="20240917 06:38:14.280" level="INFO" html="true">Created directory '&lt;a href="file://C:\RobotFramework\sap_testing\Output\39790d85-44fd-41f1-9665-46d058e157b0\pabot_results\0\Screenshot"&gt;C:\RobotFramework\sap_testing\Output\39790d85-44fd-41f1-9665-46d058e157b0\pabot_results\0\Screenshot&lt;/a&gt;'.</msg>
<status status="PASS" starttime="20240917 06:38:14.280" endtime="20240917 06:38:14.280"/>
</kw>
<status status="PASS" starttime="20240917 06:38:14.280" endtime="20240917 06:38:14.280"/>
</kw>
<status status="PASS" starttime="20240917 06:38:14.280" endtime="20240917 06:38:14.280"/>
</kw>
<kw name="Set Global Variable" library="BuiltIn">
<arg>${screenshot_taking}</arg>
<arg>${True}</arg>
<doc>Makes a variable available globally in all tests and suites.</doc>
<msg timestamp="20240917 06:38:14.280" level="INFO">${screenshot_taking} = True</msg>
<status status="PASS" starttime="20240917 06:38:14.280" endtime="20240917 06:38:14.280"/>
</kw>
<kw name="Setup linux execution" library="Support">
<kw name="Run Keyword And Return Status" library="BuiltIn">
<var>${web_test_check}</var>
<arg>Variable Should Exist</arg>
<arg>${web_test}</arg>
<doc>Runs the given keyword with given arguments and returns the status as a Boolean value.</doc>
<kw name="Variable Should Exist" library="BuiltIn">
<arg>${web_test}</arg>
<doc>Fails unless the given variable exists within the current scope.</doc>
<status status="PASS" starttime="20240917 06:38:14.280" endtime="20240917 06:38:14.280"/>
</kw>
<msg timestamp="20240917 06:38:14.280" level="INFO">${web_test_check} = True</msg>
<status status="PASS" starttime="20240917 06:38:14.280" endtime="20240917 06:38:14.280"/>
</kw>
<kw name="Run Keyword If" library="BuiltIn">
<arg>${web_test_check}</arg>
<arg>Setup Docker Execution Options</arg>
<doc>Runs the given keyword with the given arguments, if ``condition`` is true.</doc>
<kw name="Setup Docker Execution Options" library="Support_Web">
<kw name="Setup Suite Metadata" library="Support_Web">
<arg>${browser}</arg>
<kw name="Get Browser Metadata" library="BrowserSupport">
<var>&amp;{browser_information}</var>
<arg>browser=${browser}</arg>
<doc>Fetches browser metadata information
:param browser: Name of the browser for which information is fetched
:param reload: Re-read the metadata based on the browser
:return: Browser metadata information, dict of format
            {"browser_version": browser version value,
             "driver_version": driver version value}</doc>
<msg timestamp="20240917 06:38:17.795" level="INFO">&amp;{browser_information} = { browser_version=128.0.6613.138 | driver_version=127.0.6533.72  }</msg>
<status status="PASS" starttime="20240917 06:38:14.280" endtime="20240917 06:38:17.795"/>
</kw>
<kw name="Set Suite Metadata" library="BuiltIn">
<arg>test_browser_name</arg>
<arg>${browser}</arg>
<doc>Sets metadata for the current test suite.</doc>
<msg timestamp="20240917 06:38:17.795" level="INFO">Set suite metadata 'test_browser_name' to value 'chrome'.</msg>
<status status="PASS" starttime="20240917 06:38:17.795" endtime="20240917 06:38:17.795"/>
</kw>
<kw name="Set Suite Metadata" library="BuiltIn">
<arg>test_browser_version</arg>
<arg>${browser_information.browser_version}</arg>
<doc>Sets metadata for the current test suite.</doc>
<msg timestamp="20240917 06:38:17.795" level="INFO">Set suite metadata 'test_browser_version' to value '128.0.6613.138'.</msg>
<status status="PASS" starttime="20240917 06:38:17.795" endtime="20240917 06:38:17.795"/>
</kw>
<kw name="Set Suite Metadata" library="BuiltIn">
<arg>test_driver_version</arg>
<arg>${browser_information.driver_version}</arg>
<doc>Sets metadata for the current test suite.</doc>
<msg timestamp="20240917 06:38:17.795" level="INFO">Set suite metadata 'test_driver_version' to value '127.0.6533.72 '.</msg>
<status status="PASS" starttime="20240917 06:38:17.795" endtime="20240917 06:38:17.795"/>
</kw>
<status status="PASS" starttime="20240917 06:38:14.280" endtime="20240917 06:38:17.795"/>
</kw>
<kw name="Setup Global Docker Execution Options" library="Support_Web">
<kw name="Set Global Variable" library="BuiltIn">
<arg>${global_browser_options}</arg>
<arg>None</arg>
<doc>Makes a variable available globally in all tests and suites.</doc>
<msg timestamp="20240917 06:38:17.795" level="INFO">${global_browser_options} = None</msg>
<status status="PASS" starttime="20240917 06:38:17.795" endtime="20240917 06:38:17.795"/>
</kw>
<kw name="Get Environment Variable" library="OperatingSystem">
<var>${docker_check}</var>
<arg>EXECUTION_ENVIRONMENT</arg>
<arg>not_found</arg>
<doc>Returns the value of an environment variable with the given name.</doc>
<msg timestamp="20240917 06:38:17.795" level="INFO">${docker_check} = not_found</msg>
<status status="PASS" starttime="20240917 06:38:17.795" endtime="20240917 06:38:17.795"/>
</kw>
<kw name="Run Keyword And Return If" library="BuiltIn">
<arg>"${docker_check}"!="docker"</arg>
<arg>Log</arg>
<arg>Not executing on Docker</arg>
<doc>Runs the specified keyword and returns from the enclosing user keyword.</doc>
<kw name="Log" library="BuiltIn">
<arg>Not executing on Docker</arg>
<doc>Logs the given message with the given level.</doc>
<msg timestamp="20240917 06:38:17.795" level="INFO">Not executing on Docker</msg>
<status status="PASS" starttime="20240917 06:38:17.795" endtime="20240917 06:38:17.795"/>
</kw>
<msg timestamp="20240917 06:38:17.795" level="INFO">Returning from the enclosing user keyword.</msg>
<status status="PASS" starttime="20240917 06:38:17.795" endtime="20240917 06:38:17.795"/>
</kw>
<kw name="Create List" library="BuiltIn">
<var>@{options}</var>
<arg>--headless</arg>
<arg>--no-sandbox</arg>
<arg>--disable-dev-shm-usage</arg>
<doc>Returns a list containing given items.</doc>
<status status="NOT RUN" starttime="20240917 06:38:17.795" endtime="20240917 06:38:17.795"/>
</kw>
<kw name="Set Global Variable" library="BuiltIn">
<arg>@{docker_options}</arg>
<arg>@{options}</arg>
<doc>Makes a variable available globally in all tests and suites.</doc>
<status status="NOT RUN" starttime="20240917 06:38:17.795" endtime="20240917 06:38:17.795"/>
</kw>
<status status="PASS" starttime="20240917 06:38:17.795" endtime="20240917 06:38:17.795"/>
</kw>
<kw name="Create Webdriver for chrome preferences" library="Support_Web">
<kw name="Update Docker Execution Options" library="Support_Web">
<var>${list_prefs}</var>
<arg>${list_prefs}</arg>
<kw name="Run Keyword And Return Status" library="BuiltIn">
<var>${docker_check}</var>
<arg>Variable Should Exist</arg>
<arg>${docker_options}</arg>
<doc>Runs the given keyword with given arguments and returns the status as a Boolean value.</doc>
<kw name="Variable Should Exist" library="BuiltIn">
<arg>${docker_options}</arg>
<doc>Fails unless the given variable exists within the current scope.</doc>
<msg timestamp="20240917 06:38:17.795" level="FAIL">Variable '${docker_options}' does not exist.</msg>
<status status="FAIL" starttime="20240917 06:38:17.795" endtime="20240917 06:38:17.795"/>
</kw>
<msg timestamp="20240917 06:38:17.795" level="INFO">${docker_check} = False</msg>
<status status="PASS" starttime="20240917 06:38:17.795" endtime="20240917 06:38:17.795"/>
</kw>
<kw name="Get Length" library="BuiltIn">
<var>${list_prefs_length}</var>
<arg>${list_prefs}</arg>
<doc>Returns and logs the length of the given item as an integer.</doc>
<msg timestamp="20240917 06:38:17.795" level="INFO">Length is 1</msg>
<msg timestamp="20240917 06:38:17.795" level="INFO">${list_prefs_length} = 1</msg>
<status status="PASS" starttime="20240917 06:38:17.795" endtime="20240917 06:38:17.795"/>
</kw>
<kw name="Run Keyword If" library="BuiltIn">
<var>${list_prefs}</var>
<arg>${docker_check} and ${list_prefs_length}&gt;0 and ${list_prefs}[0] != []</arg>
<arg>Combine Lists</arg>
<arg>${list_prefs}</arg>
<arg>${docker_options}</arg>
<arg>ELSE IF</arg>
<arg>${docker_check}</arg>
<arg>Set Variable</arg>
<arg>${docker_options}</arg>
<arg>ELSE</arg>
<arg>Set Variable</arg>
<arg>${list_prefs}</arg>
<doc>Runs the given keyword with the given arguments, if ``condition`` is true.</doc>
<kw name="Set Variable" library="BuiltIn">
<arg>${list_prefs}</arg>
<doc>Returns the given values which can then be assigned to a variables.</doc>
<status status="PASS" starttime="20240917 06:38:17.795" endtime="20240917 06:38:17.795"/>
</kw>
<msg timestamp="20240917 06:38:17.795" level="INFO">${list_prefs} = [[]]</msg>
<status status="PASS" starttime="20240917 06:38:17.795" endtime="20240917 06:38:17.795"/>
</kw>
<msg timestamp="20240917 06:38:17.795" level="INFO">${list_prefs} = [[]]</msg>
<status status="PASS" starttime="20240917 06:38:17.795" endtime="20240917 06:38:17.795"/>
</kw>
<kw name="Create Chrome Options for download preferences" library="Support_Web">
<var>${chrome_options}</var>
<kw name="Evaluate" library="BuiltIn">
<var>${chrome_options}</var>
<arg>sys.modules['selenium.webdriver'].ChromeOptions()</arg>
<arg>sys</arg>
<doc>Evaluates the given expression in Python and returns the result.</doc>
<msg timestamp="20240917 06:38:17.795" level="INFO">${chrome_options} = &lt;selenium.webdriver.chrome.options.Options object at 0x000001ABD5E462A0&gt;</msg>
<status status="PASS" starttime="20240917 06:38:17.795" endtime="20240917 06:38:17.795"/>
</kw>
<msg timestamp="20240917 06:38:17.795" level="INFO">${chrome_options} = &lt;selenium.webdriver.chrome.options.Options object at 0x000001ABD5E462A0&gt;</msg>
<status status="PASS" starttime="20240917 06:38:17.795" endtime="20240917 06:38:17.795"/>
</kw>
<kw name="Update Preferences List" library="Support_Web">
<arg>${chrome_options}</arg>
<arg>@{list_prefs}</arg>
<kw name="Convert To String" library="BuiltIn">
<var>${string_prefs}</var>
<arg>${list_prefs}</arg>
<doc>Converts the given item to a Unicode string.</doc>
<msg timestamp="20240917 06:38:17.795" level="INFO">${string_prefs} = [[]]</msg>
<status status="PASS" starttime="20240917 06:38:17.795" endtime="20240917 06:38:17.795"/>
</kw>
<kw name="Return From Keyword If" library="BuiltIn">
<arg>${string_prefs} == [[]]</arg>
<doc>Returns from the enclosing user keyword if ``condition`` is true.</doc>
<msg timestamp="20240917 06:38:17.795" level="INFO">Returning from the enclosing user keyword.</msg>
<status status="PASS" starttime="20240917 06:38:17.795" endtime="20240917 06:38:17.795"/>
</kw>
<for flavor="IN">
<var>${preference}</var>
<value>@{list_prefs}</value>
<iter>
<var name="${preference}"/>
<kw name="Call Method" library="BuiltIn">
<arg>${chrome_options}</arg>
<arg>add_argument</arg>
<arg>${preference}</arg>
<doc>Calls the named method of the given object with the provided arguments.</doc>
<status status="NOT RUN" starttime="20240917 06:38:17.795" endtime="20240917 06:38:17.795"/>
</kw>
<status status="NOT RUN" starttime="20240917 06:38:17.795" endtime="20240917 06:38:17.795"/>
</iter>
<status status="NOT RUN" starttime="20240917 06:38:17.795" endtime="20240917 06:38:17.795"/>
</for>
<status status="PASS" starttime="20240917 06:38:17.795" endtime="20240917 06:38:17.795"/>
</kw>
<kw name="Call Method" library="BuiltIn">
<arg>${chrome_options}</arg>
<arg>add_experimental_option</arg>
<arg>prefs</arg>
<arg>${kw_prefs}</arg>
<doc>Calls the named method of the given object with the provided arguments.</doc>
<status status="PASS" starttime="20240917 06:38:17.795" endtime="20240917 06:38:17.795"/>
</kw>
<kw name="Set Global Variable" library="BuiltIn">
<arg>${global_browser_options}</arg>
<arg>${chrome options}</arg>
<doc>Makes a variable available globally in all tests and suites.</doc>
<msg timestamp="20240917 06:38:17.795" level="INFO">${global_browser_options} = &lt;selenium.webdriver.chrome.options.Options object at 0x000001ABD5E462A0&gt;</msg>
<status status="PASS" starttime="20240917 06:38:17.795" endtime="20240917 06:38:17.795"/>
</kw>
<status status="PASS" starttime="20240917 06:38:17.795" endtime="20240917 06:38:17.795"/>
</kw>
<status status="PASS" starttime="20240917 06:38:14.280" endtime="20240917 06:38:17.795"/>
</kw>
<status status="PASS" starttime="20240917 06:38:14.280" endtime="20240917 06:38:17.795"/>
</kw>
<status status="PASS" starttime="20240917 06:38:14.280" endtime="20240917 06:38:17.795"/>
</kw>
<kw name="Set Suite Metadata" library="BuiltIn">
<arg>environment</arg>
<arg>${test_server}</arg>
<doc>Sets metadata for the current test suite.</doc>
<msg timestamp="20240917 06:38:17.795" level="INFO">Set suite metadata 'environment' to value 'Dev'.</msg>
<status status="PASS" starttime="20240917 06:38:17.795" endtime="20240917 06:38:17.795"/>
</kw>
<status status="PASS" starttime="20240917 06:38:14.280" endtime="20240917 06:38:17.795"/>
</kw>
<suite id="s1-s1" name="Test STMS" source="C:\RobotFramework\sap_testing\Tests\Test_STMS.robot">
<kw name="System Logon" library="STMS" type="SETUP">
<kw name="Start Process" library="Process">
<arg>${symvar('SAP_SERVER')}</arg>
<doc>Starts a new process on background.</doc>
<msg timestamp="20240917 06:38:18.420" level="INFO">Sym.Dev.SAP_SERVER: C:\Program Files (x86)\SAP\FrontEnd\SAPgui\saplogon.exe</msg>
<msg timestamp="20240917 06:38:18.420" level="INFO">Starting process:
"C:\Program Files (x86)\SAP\FrontEnd\SAPgui\saplogon.exe"</msg>
<status status="PASS" starttime="20240917 06:38:18.420" endtime="20240917 06:38:18.420"/>
</kw>
<kw name="Sleep" library="BuiltIn">
<arg>10s</arg>
<doc>Pauses the test executed for the given time.</doc>
<msg timestamp="20240917 06:38:28.423" level="INFO">Slept 10 seconds</msg>
<status status="PASS" starttime="20240917 06:38:18.420" endtime="20240917 06:38:28.423"/>
</kw>
<kw name="Connect To Session" library="SAP_Tcode_Library">
<doc>Connects to an open session SAP.</doc>
<status status="PASS" starttime="20240917 06:38:28.423" endtime="20240917 06:38:28.423"/>
</kw>
<kw name="Open Connection" library="SAP_Tcode_Library">
<arg>${symvar('SAP_connection')}</arg>
<doc>Opens a connection to the given connection name. Be sure to provide the full connection name, including the bracket part.</doc>
<msg timestamp="20240917 06:38:28.423" level="INFO">Sym.Dev.SAP_connection: BIS</msg>
<status status="PASS" starttime="20240917 06:38:28.423" endtime="20240917 06:38:29.220"/>
</kw>
<kw name="Input Text" library="SAP_Tcode_Library">
<arg>wnd[0]/usr/txtRSYST-MANDT</arg>
<arg>${symvar('Client_Id')}</arg>
<doc>Inserts the given text into the text field identified by locator.
Use keyword `input password` to insert a password in a text field.</doc>
<msg timestamp="20240917 06:38:29.220" level="INFO">Sym.Dev.Client_Id: 001</msg>
<msg timestamp="20240917 06:38:29.251" level="INFO">Typing text '001' into text field 'wnd[0]/usr/txtRSYST-MANDT'.</msg>
<status status="PASS" starttime="20240917 06:38:29.220" endtime="20240917 06:38:29.251"/>
</kw>
<kw name="Input Text" library="SAP_Tcode_Library">
<arg>wnd[0]/usr/txtRSYST-BNAME</arg>
<arg>${symvar('User_Name')}</arg>
<doc>Inserts the given text into the text field identified by locator.
Use keyword `input password` to insert a password in a text field.</doc>
<msg timestamp="20240917 06:38:29.251" level="INFO">Sym.Dev.User_Name: SELENIUM</msg>
<msg timestamp="20240917 06:38:29.251" level="INFO">Typing text 'SELENIUM' into text field 'wnd[0]/usr/txtRSYST-BNAME'.</msg>
<status status="PASS" starttime="20240917 06:38:29.251" endtime="20240917 06:38:29.251"/>
</kw>
<kw name="Input Password" library="SAP_Tcode_Library">
<arg>wnd[0]/usr/pwdRSYST-BCODE</arg>
<arg>%{SAP_PASSWORD}</arg>
<doc>Inserts the given password into the text field identified by locator.
The password is not recorded in the log.</doc>
<msg timestamp="20240917 06:38:29.267" level="INFO">Typing password into text field 'wnd[0]/usr/pwdRSYST-BCODE'.</msg>
<status status="PASS" starttime="20240917 06:38:29.251" endtime="20240917 06:38:29.267"/>
</kw>
<kw name="Send Vkey" library="SAP_Tcode_Library">
<arg>0</arg>
<doc>Sends a SAP virtual key combination to the window, not into an element.
If you want to send a value to a text field, use `input text` instead.</doc>
<status status="PASS" starttime="20240917 06:38:29.267" endtime="20240917 06:38:30.190"/>
</kw>
<kw name="Multiple Logon Handling" library="SAP_Tcode_Library">
<arg>wnd[1]</arg>
<arg>wnd[1]/usr/radMULTI_LOGON_OPT2</arg>
<arg>wnd[1]/tbar[0]/btn[0]</arg>
<status status="PASS" starttime="20240917 06:38:30.190" endtime="20240917 06:38:30.236"/>
</kw>
<kw name="Sleep" library="BuiltIn">
<arg>1</arg>
<doc>Pauses the test executed for the given time.</doc>
<msg timestamp="20240917 06:38:31.236" level="INFO">Slept 1 second</msg>
<status status="PASS" starttime="20240917 06:38:30.236" endtime="20240917 06:38:31.236"/>
</kw>
<status status="PASS" starttime="20240917 06:38:18.420" endtime="20240917 06:38:31.236"/>
</kw>
<test id="s1-s1-t1" name="Executing STMS" line="9">
<kw name="Transaction STMS" library="STMS">
<kw name="Run Transaction" library="SAP_Tcode_Library">
<arg>/nSTMS</arg>
<doc>Runs a Sap transaction. An error is given when an unknown transaction is specified.</doc>
<status status="PASS" starttime="20240917 06:38:31.236" endtime="20240917 06:38:32.440"/>
</kw>
<kw name="Sleep" library="BuiltIn">
<arg>1</arg>
<doc>Pauses the test executed for the given time.</doc>
<msg timestamp="20240917 06:38:33.440" level="INFO">Slept 1 second</msg>
<status status="PASS" starttime="20240917 06:38:32.440" endtime="20240917 06:38:33.440"/>
</kw>
<kw name="Take Screenshot" library="SAP_Tcode_Library">
<arg>073_stms.jpg</arg>
<doc>Takes a screenshot, only if 'screenshots on error' has been enabled,
either at import of with keyword `enable screenshots on error`.</doc>
<msg timestamp="20240917 06:38:33.487" level="INFO" html="true">&lt;a href="073_stms.jpg"&gt;&lt;img src="073_stms.jpg" width="800px"&gt;&lt;/a&gt;</msg>
<status status="PASS" starttime="20240917 06:38:33.440" endtime="20240917 06:38:33.487"/>
</kw>
<kw name="Click Element" library="SAP_Tcode_Library">
<arg>wnd[0]/mbar/menu[0]/menu[4]</arg>
<doc>Performs a single click on a given element. Used only for buttons, tabs and menu items.</doc>
<status status="PASS" starttime="20240917 06:38:33.487" endtime="20240917 06:38:34.237"/>
</kw>
<kw name="Sleep" library="BuiltIn">
<arg>1</arg>
<doc>Pauses the test executed for the given time.</doc>
<msg timestamp="20240917 06:38:35.237" level="INFO">Slept 1 second</msg>
<status status="PASS" starttime="20240917 06:38:34.237" endtime="20240917 06:38:35.237"/>
</kw>
<kw name="Take Screenshot" library="SAP_Tcode_Library">
<arg>074_stms.jpg</arg>
<doc>Takes a screenshot, only if 'screenshots on error' has been enabled,
either at import of with keyword `enable screenshots on error`.</doc>
<msg timestamp="20240917 06:38:35.299" level="INFO" html="true">&lt;a href="074_stms.jpg"&gt;&lt;img src="074_stms.jpg" width="800px"&gt;&lt;/a&gt;</msg>
<status status="PASS" starttime="20240917 06:38:35.237" endtime="20240917 06:38:35.299"/>
</kw>
<kw name="Rows From Stms" library="SAP_Tcode_Library">
<arg>wnd[0]/usr/cntlGRID1/shellcont/shell</arg>
<msg timestamp="20240917 06:38:35.784" level="INFO">wnd[0]/usr/cntlGRID1/shellcont/shell
6
6
0
BIS</msg>
<status status="PASS" starttime="20240917 06:38:35.299" endtime="20240917 06:38:35.784"/>
</kw>
<kw name="Sleep" library="BuiltIn">
<arg>1</arg>
<doc>Pauses the test executed for the given time.</doc>
<msg timestamp="20240917 06:38:36.784" level="INFO">Slept 1 second</msg>
<status status="PASS" starttime="20240917 06:38:35.784" endtime="20240917 06:38:36.784"/>
</kw>
<kw name="Take Screenshot" library="SAP_Tcode_Library">
<arg>075_stms.jpg</arg>
<doc>Takes a screenshot, only if 'screenshots on error' has been enabled,
either at import of with keyword `enable screenshots on error`.</doc>
<msg timestamp="20240917 06:38:36.830" level="INFO" html="true">&lt;a href="075_stms.jpg"&gt;&lt;img src="075_stms.jpg" width="800px"&gt;&lt;/a&gt;</msg>
<status status="PASS" starttime="20240917 06:38:36.784" endtime="20240917 06:38:36.830"/>
</kw>
<kw name="Click Element" library="SAP_Tcode_Library">
<arg>wnd[0]/usr/tabsGN_DYN150_TAB_STRIP/tabpATTR</arg>
<doc>Performs a single click on a given element. Used only for buttons, tabs and menu items.</doc>
<status status="PASS" starttime="20240917 06:38:36.830" endtime="20240917 06:38:36.830"/>
</kw>
<kw name="Sleep" library="BuiltIn">
<arg>2</arg>
<doc>Pauses the test executed for the given time.</doc>
<msg timestamp="20240917 06:38:38.831" level="INFO">Slept 2 seconds</msg>
<status status="PASS" starttime="20240917 06:38:36.830" endtime="20240917 06:38:38.831"/>
</kw>
<kw name="Take Screenshot" library="SAP_Tcode_Library">
<arg>076_stms.jpg</arg>
<doc>Takes a screenshot, only if 'screenshots on error' has been enabled,
either at import of with keyword `enable screenshots on error`.</doc>
<msg timestamp="20240917 06:38:38.877" level="INFO" html="true">&lt;a href="076_stms.jpg"&gt;&lt;img src="076_stms.jpg" width="800px"&gt;&lt;/a&gt;</msg>
<status status="PASS" starttime="20240917 06:38:38.831" endtime="20240917 06:38:38.877"/>
</kw>
<kw name="Click Element" library="SAP_Tcode_Library">
<arg>wnd[0]/usr/tabsGN_DYN150_TAB_STRIP/tabpDOMA</arg>
<doc>Performs a single click on a given element. Used only for buttons, tabs and menu items.</doc>
<status status="PASS" starttime="20240917 06:38:38.877" endtime="20240917 06:38:39.331"/>
</kw>
<kw name="Sleep" library="BuiltIn">
<arg>1</arg>
<doc>Pauses the test executed for the given time.</doc>
<msg timestamp="20240917 06:38:40.331" level="INFO">Slept 1 second</msg>
<status status="PASS" starttime="20240917 06:38:39.331" endtime="20240917 06:38:40.331"/>
</kw>
<kw name="Take Screenshot" library="SAP_Tcode_Library">
<arg>077_stms.jpg</arg>
<doc>Takes a screenshot, only if 'screenshots on error' has been enabled,
either at import of with keyword `enable screenshots on error`.</doc>
<msg timestamp="20240917 06:38:40.393" level="INFO" html="true">&lt;a href="077_stms.jpg"&gt;&lt;img src="077_stms.jpg" width="800px"&gt;&lt;/a&gt;</msg>
<status status="PASS" starttime="20240917 06:38:40.331" endtime="20240917 06:38:40.393"/>
</kw>
<kw name="Click Element" library="SAP_Tcode_Library">
<arg>wnd[0]/usr/tabsGN_DYN150_TAB_STRIP/tabpTPPE</arg>
<doc>Performs a single click on a given element. Used only for buttons, tabs and menu items.</doc>
<status status="PASS" starttime="20240917 06:38:40.393" endtime="20240917 06:38:40.862"/>
</kw>
<kw name="Sleep" library="BuiltIn">
<arg>1</arg>
<doc>Pauses the test executed for the given time.</doc>
<msg timestamp="20240917 06:38:41.862" level="INFO">Slept 1 second</msg>
<status status="PASS" starttime="20240917 06:38:40.862" endtime="20240917 06:38:41.862"/>
</kw>
<kw name="Take Screenshot" library="SAP_Tcode_Library">
<arg>078_stms.jpg</arg>
<doc>Takes a screenshot, only if 'screenshots on error' has been enabled,
either at import of with keyword `enable screenshots on error`.</doc>
<msg timestamp="20240917 06:38:41.924" level="INFO" html="true">&lt;a href="078_stms.jpg"&gt;&lt;img src="078_stms.jpg" width="800px"&gt;&lt;/a&gt;</msg>
<status status="PASS" starttime="20240917 06:38:41.862" endtime="20240917 06:38:41.924"/>
</kw>
<status status="PASS" starttime="20240917 06:38:31.236" endtime="20240917 06:38:41.924"/>
</kw>
<kw name="Import Overview" library="STMS">
<kw name="Click Element" library="SAP_Tcode_Library">
<arg>wnd[0]/tbar[0]/btn[3]</arg>
<doc>Performs a single click on a given element. Used only for buttons, tabs and menu items.</doc>
<status status="PASS" starttime="20240917 06:38:41.924" endtime="20240917 06:38:42.659"/>
</kw>
<kw name="Sleep" library="BuiltIn">
<arg>1</arg>
<doc>Pauses the test executed for the given time.</doc>
<msg timestamp="20240917 06:38:43.667" level="INFO">Slept 1 second</msg>
<status status="PASS" starttime="20240917 06:38:42.659" endtime="20240917 06:38:43.667"/>
</kw>
<kw name="Take Screenshot" library="SAP_Tcode_Library">
<arg>079_stms.jpg</arg>
<doc>Takes a screenshot, only if 'screenshots on error' has been enabled,
either at import of with keyword `enable screenshots on error`.</doc>
<msg timestamp="20240917 06:38:43.698" level="INFO" html="true">&lt;a href="079_stms.jpg"&gt;&lt;img src="079_stms.jpg" width="800px"&gt;&lt;/a&gt;</msg>
<status status="PASS" starttime="20240917 06:38:43.667" endtime="20240917 06:38:43.714"/>
</kw>
<kw name="Click Element" library="SAP_Tcode_Library">
<arg>wnd[0]/tbar[0]/btn[3]</arg>
<doc>Performs a single click on a given element. Used only for buttons, tabs and menu items.</doc>
<status status="PASS" starttime="20240917 06:38:43.714" endtime="20240917 06:38:44.167"/>
</kw>
<kw name="Sleep" library="BuiltIn">
<arg>1</arg>
<doc>Pauses the test executed for the given time.</doc>
<msg timestamp="20240917 06:38:45.183" level="INFO">Slept 1 second</msg>
<status status="PASS" starttime="20240917 06:38:44.183" endtime="20240917 06:38:45.183"/>
</kw>
<kw name="Take Screenshot" library="SAP_Tcode_Library">
<arg>080_stms.jpg</arg>
<doc>Takes a screenshot, only if 'screenshots on error' has been enabled,
either at import of with keyword `enable screenshots on error`.</doc>
<msg timestamp="20240917 06:38:45.230" level="INFO" html="true">&lt;a href="080_stms.jpg"&gt;&lt;img src="080_stms.jpg" width="800px"&gt;&lt;/a&gt;</msg>
<status status="PASS" starttime="20240917 06:38:45.183" endtime="20240917 06:38:45.230"/>
</kw>
<kw name="Click Element" library="SAP_Tcode_Library">
<arg>wnd[0]/tbar[1]/btn[5]</arg>
<doc>Performs a single click on a given element. Used only for buttons, tabs and menu items.</doc>
<status status="PASS" starttime="20240917 06:38:45.230" endtime="20240917 06:38:45.511"/>
</kw>
<kw name="Sleep" library="BuiltIn">
<arg>1</arg>
<doc>Pauses the test executed for the given time.</doc>
<msg timestamp="20240917 06:38:46.511" level="INFO">Slept 1 second</msg>
<status status="PASS" starttime="20240917 06:38:45.511" endtime="20240917 06:38:46.511"/>
</kw>
<kw name="Take Screenshot" library="SAP_Tcode_Library">
<arg>081_stms.jpg</arg>
<doc>Takes a screenshot, only if 'screenshots on error' has been enabled,
either at import of with keyword `enable screenshots on error`.</doc>
<msg timestamp="20240917 06:38:46.558" level="INFO" html="true">&lt;a href="081_stms.jpg"&gt;&lt;img src="081_stms.jpg" width="800px"&gt;&lt;/a&gt;</msg>
<status status="PASS" starttime="20240917 06:38:46.511" endtime="20240917 06:38:46.558"/>
</kw>
<status status="PASS" starttime="20240917 06:38:41.924" endtime="20240917 06:38:46.558"/>
</kw>
<kw name="Transport Routes" library="STMS">
<kw name="Click Element" library="SAP_Tcode_Library">
<arg>wnd[0]/tbar[0]/btn[3]</arg>
<doc>Performs a single click on a given element. Used only for buttons, tabs and menu items.</doc>
<status status="PASS" starttime="20240917 06:38:46.558" endtime="20240917 06:38:46.823"/>
</kw>
<kw name="Sleep" library="BuiltIn">
<arg>1</arg>
<doc>Pauses the test executed for the given time.</doc>
<msg timestamp="20240917 06:38:47.823" level="INFO">Slept 1 second</msg>
<status status="PASS" starttime="20240917 06:38:46.823" endtime="20240917 06:38:47.823"/>
</kw>
<kw name="Take Screenshot" library="SAP_Tcode_Library">
<arg>082a_stms.jpg</arg>
<doc>Takes a screenshot, only if 'screenshots on error' has been enabled,
either at import of with keyword `enable screenshots on error`.</doc>
<msg timestamp="20240917 06:38:47.870" level="INFO" html="true">&lt;a href="082a_stms.jpg"&gt;&lt;img src="082a_stms.jpg" width="800px"&gt;&lt;/a&gt;</msg>
<status status="PASS" starttime="20240917 06:38:47.823" endtime="20240917 06:38:47.870"/>
</kw>
<kw name="Click Element" library="SAP_Tcode_Library">
<arg>wnd[0]/tbar[1]/btn[19]</arg>
<doc>Performs a single click on a given element. Used only for buttons, tabs and menu items.</doc>
<status status="PASS" starttime="20240917 06:38:47.870" endtime="20240917 06:38:48.839"/>
</kw>
<kw name="Sleep" library="BuiltIn">
<arg>1</arg>
<doc>Pauses the test executed for the given time.</doc>
<msg timestamp="20240917 06:38:49.839" level="INFO">Slept 1 second</msg>
<status status="PASS" starttime="20240917 06:38:48.839" endtime="20240917 06:38:49.839"/>
</kw>
<kw name="Take Screenshot" library="SAP_Tcode_Library">
<arg>082b_stms.jpg</arg>
<doc>Takes a screenshot, only if 'screenshots on error' has been enabled,
either at import of with keyword `enable screenshots on error`.</doc>
<msg timestamp="20240917 06:38:49.902" level="INFO" html="true">&lt;a href="082b_stms.jpg"&gt;&lt;img src="082b_stms.jpg" width="800px"&gt;&lt;/a&gt;</msg>
<status status="PASS" starttime="20240917 06:38:49.839" endtime="20240917 06:38:49.902"/>
</kw>
<status status="PASS" starttime="20240917 06:38:46.558" endtime="20240917 06:38:49.902"/>
</kw>
<kw name="Transport Layers" library="STMS">
<kw name="Click Element" library="SAP_Tcode_Library">
<arg>wnd[0]/mbar/menu[2]/menu[1]</arg>
<doc>Performs a single click on a given element. Used only for buttons, tabs and menu items.</doc>
<status status="PASS" starttime="20240917 06:38:49.902" endtime="20240917 06:38:51.042"/>
</kw>
<kw name="Sleep" library="BuiltIn">
<arg>1</arg>
<doc>Pauses the test executed for the given time.</doc>
<msg timestamp="20240917 06:38:52.048" level="INFO">Slept 1 second</msg>
<status status="PASS" starttime="20240917 06:38:51.042" endtime="20240917 06:38:52.048"/>
</kw>
<kw name="Take Screenshot" library="SAP_Tcode_Library">
<arg>083_stms.jpg</arg>
<doc>Takes a screenshot, only if 'screenshots on error' has been enabled,
either at import of with keyword `enable screenshots on error`.</doc>
<msg timestamp="20240917 06:38:52.080" level="INFO" html="true">&lt;a href="083_stms.jpg"&gt;&lt;img src="083_stms.jpg" width="800px"&gt;&lt;/a&gt;</msg>
<status status="PASS" starttime="20240917 06:38:52.048" endtime="20240917 06:38:52.080"/>
</kw>
<kw name="Copy Images" library="Merger">
<arg>${source_directory}</arg>
<arg>${symvar('target_directory')}</arg>
<msg timestamp="20240917 06:38:52.095" level="WARN">Failed to fetch value for field: Sym.Dev.target_directory</msg>
<msg timestamp="20240917 06:38:52.095" level="WARN">Traceback (most recent call last):
  File "C:\RobotFramework\sap_testing\Execution\Access_Data.py", line 59, in get_data
    field_value = eval(command)
                  ^^^^^^^^^^^^^
  File "&lt;string&gt;", line 1, in &lt;module&gt;
AttributeError: module 'Data.Symphony.Dev' has no attribute 'target_directory'
</msg>
<msg timestamp="20240917 06:38:52.095" level="FAIL">FileNotFoundError: [WinError 3] The system cannot find the path specified: ''</msg>
<msg timestamp="20240917 06:38:52.095" level="WARN">Failed to fetch value for field: Sym.Dev.target_directory</msg>
<msg timestamp="20240917 06:38:52.095" level="WARN">Traceback (most recent call last):
  File "C:\RobotFramework\sap_testing\Tests\Resource\Merger.py", line 11, in copy_images
    os.makedirs(target_dir)
  File "&lt;frozen os&gt;", line 225, in makedirs
FileNotFoundError: [WinError 3] The system cannot find the path specified: ''

During handling of the above exception, another exception occurred:

Traceback (most recent call last):
  File "C:\RobotFramework\sap_testing\Execution\Access_Data.py", line 59, in get_data
    field_value = eval(command)
                  ^^^^^^^^^^^^^
  File "&lt;string&gt;", line 1, in &lt;module&gt;
AttributeError: module 'Data.Symphony.Dev' has no attribute 'target_directory'
</msg>
<status status="FAIL" starttime="20240917 06:38:52.095" endtime="20240917 06:38:52.095"/>
</kw>
<status status="FAIL" starttime="20240917 06:38:49.902" endtime="20240917 06:38:52.095"/>
</kw>
<tag>Regression</tag>
<tag>STMS</tag>
<status status="FAIL" starttime="20240917 06:38:31.236" endtime="20240917 06:38:52.095">FileNotFoundError: [WinError 3] The system cannot find the path specified: ''</status>
</test>
<kw name="System Logout" library="STMS" type="TEARDOWN">
<kw name="Run Transaction" library="SAP_Tcode_Library">
<arg>/nex</arg>
<doc>Runs a Sap transaction. An error is given when an unknown transaction is specified.</doc>
<status status="PASS" starttime="20240917 06:38:52.095" endtime="20240917 06:38:52.330"/>
</kw>
<kw name="Sleep" library="BuiltIn">
<arg>5</arg>
<doc>Pauses the test executed for the given time.</doc>
<msg timestamp="20240917 06:38:57.330" level="INFO">Slept 5 seconds</msg>
<status status="PASS" starttime="20240917 06:38:52.330" endtime="20240917 06:38:57.330"/>
</kw>
<status status="PASS" starttime="20240917 06:38:52.095" endtime="20240917 06:38:57.330"/>
</kw>
<status status="FAIL" starttime="20240917 06:38:17.795" endtime="20240917 06:38:57.330"/>
</suite>
<doc>Testing functionality through Robot Framework</doc>
<meta name="environment">Dev</meta>
<meta name="test_browser_name">chrome</meta>
<meta name="test_browser_version">128.0.6613.138</meta>
<meta name="test_driver_version">127.0.6533.72 </meta>
<meta name="test_environment">Dev</meta>
<meta name="test_freeze_dependencies">annotated-types==0.7.0,arrow==1.3.0,astroid==3.2.2,asttokens==2.4.1,attrs==23.2.0,beautifulsoup4==4.12.3,binaryornot==0.4.4,bs4==0.0.2,certifi==2024.6.2,cffi==1.16.0,chardet==5.2.0,charset-normalizer==3.3.2,click==8.1.7,colorama==0.4.6,cookiecutter==2.6.0,cryptography==42.0.7,decorator==5.1.1,defusedxml==0.7.1,dill==0.3.8,docutils==0.21.2,et-xmlfile==1.1.0,exceptiongroup==1.2.1,executing==2.0.1,gitdb==4.0.11,GitPython==3.1.43,grpcio==1.64.1,h11==0.14.0,idna==3.7,ipython==8.25.0,isort==5.13.2,jaraco.classes==3.4.0,jaraco.context==5.3.0,jaraco.functools==4.0.1,jedi==0.19.1,Jinja2==3.1.4,jira==3.8.0,jsonpath-ng==1.6.1,jsonschema==4.22.0,jsonschema-specifications==2023.12.1,keyring==25.2.1,lazy-object-proxy==1.10.0,lxml==5.2.2,markdown-it-py==3.0.0,MarkupSafe==2.1.5,matplotlib-inline==0.1.7,mccabe==0.7.0,mdurl==0.1.2,more-itertools==10.3.0,MouseInfo==0.1.3,natsort==8.4.0,numpy==2.0.0,oauthlib==3.2.2,openpyxl==3.1.5,outcome==1.3.0.post0,packaging==24.0,pandas==2.2.2,parso==0.8.4,pathspec==0.11.2,pillow==10.3.0,pip==24.2,platformdirs==4.2.2,ply==3.11,prompt_toolkit==3.0.47,pure-eval==0.2.2,PyAutoGUI==0.9.54,pycparser==2.22,pydantic==2.7.4,pydantic_core==2.18.4,PyGetWindow==0.0.9,Pygments==2.18.0,pylint==3.2.2,PyMsgBox==1.0.9,PyPDF2==3.0.1,pyperclip==1.9.0,PyRect==0.2.0,PyScreeze==1.0.1,PySocks==1.7.1,python-dateutil==2.9.0.post0,python-dotenv==1.0.1,python-slugify==8.0.4,pytweening==1.2.0,pytz==2024.1,pywin32==306,pywin32-ctypes==0.2.2,PyYAML==6.0.1,redis==5.0.6,referencing==0.35.1,reportlab==4.2.0,requests==2.32.3,requests-oauthlib==2.0.0,requests-toolbelt==1.0.0,RestrictedPython==7.1,rich==13.7.1,rich-click==1.6.1,robotframework==6.0.2,robotframework-datadriver==1.9.0,robotframework-excellib==2.0.1,robotframework-jsonlibrary==0.5,robotframework-pabot==2.16.0,robotframework-pythonlibcore==4.2.0,robotframework-requests==0.9.2,robotframework-sapguilibrary==1.1,robotframework-seleniumlibrary==5.1.3,robotframework-stacktrace==0.4.1,robotframework-tidy==4.5.0,rpds-py==0.18.1,selenium==4.9.1,setuptools==70.0.0,shellingham==1.5.4,six==1.16.0,smmap==5.0.1,sniffio==1.3.1,sortedcontainers==2.4.0,soupsieve==2.5,stack-data==0.6.3,statsd==4.0.1,text-unidecode==1.3,tomli==2.0.1,tomlkit==0.12.5,traitlets==5.14.3,trio==0.25.1,trio-websocket==0.11.1,typer==0.12.3,types-python-dateutil==2.9.0.20240316,typing_extensions==4.12.1,tzdata==2024.1,urllib3==2.2.1,wcwidth==0.2.13,websocket-client==1.8.0,wheel==0.43.0,wrapt==1.16.0,wsproto==1.2.0</meta>
<status status="FAIL" starttime="20240917 06:38:13.983" endtime="20240917 06:38:57.392"/>
</suite>
<statistics>
<total>
<stat pass="0" fail="1" skip="0">All Tests</stat>
</total>
<tag>
<stat pass="0" fail="1" skip="0">Regression</stat>
<stat pass="0" fail="1" skip="0">STMS</stat>
</tag>
<suite>
<stat pass="0" fail="1" skip="0" id="s1" name="Tests">Tests</stat>
<stat pass="0" fail="1" skip="0" id="s1-s1" name="Test STMS">Tests.Test STMS</stat>
</suite>
</statistics>
<errors>
<msg timestamp="20240917 06:38:52.095" level="WARN">Failed to fetch value for field: Sym.Dev.target_directory</msg>
<msg timestamp="20240917 06:38:52.095" level="WARN">Traceback (most recent call last):
  File "C:\RobotFramework\sap_testing\Execution\Access_Data.py", line 59, in get_data
    field_value = eval(command)
                  ^^^^^^^^^^^^^
  File "&lt;string&gt;", line 1, in &lt;module&gt;
AttributeError: module 'Data.Symphony.Dev' has no attribute 'target_directory'
</msg>
<msg timestamp="20240917 06:38:52.095" level="WARN">Failed to fetch value for field: Sym.Dev.target_directory</msg>
<msg timestamp="20240917 06:38:52.095" level="WARN">Traceback (most recent call last):
  File "C:\RobotFramework\sap_testing\Tests\Resource\Merger.py", line 11, in copy_images
    os.makedirs(target_dir)
  File "&lt;frozen os&gt;", line 225, in makedirs
FileNotFoundError: [WinError 3] The system cannot find the path specified: ''

During handling of the above exception, another exception occurred:

Traceback (most recent call last):
  File "C:\RobotFramework\sap_testing\Execution\Access_Data.py", line 59, in get_data
    field_value = eval(command)
                  ^^^^^^^^^^^^^
  File "&lt;string&gt;", line 1, in &lt;module&gt;
AttributeError: module 'Data.Symphony.Dev' has no attribute 'target_directory'
</msg>
</errors>
</robot>
