<?xml version="1.0" encoding="utf-8"?>
<robot generated="20240405 11:16:31.368" generator="Rebot 6.0.2 (Python 3.12.1 on win32)" rpa="false" schemaversion="3">
 <suite id="s1" name="Tests" source="C:\RobotFramework\sap_testing\Tests">
  <kw name="Setup highest level suite" type="SETUP">
   <kw library="BuiltIn" name="Set Variable">
    <var>
     ${d.test_server}
    </var>
    <arg>
     ${test_server}
    </arg>
    <doc>
     Returns the given values which can then be assigned to a variables.
    </doc>
    <msg level="INFO" timestamp="20240405 11:16:25.323">
     ${d.test_server} = Dev
    </msg>
    <status endtime="20240405 11:16:25.323" starttime="20240405 11:16:25.323" status="PASS"/>
   </kw>
   <kw library="Support" name="Reset screenshot count variable">
    <kw library="BuiltIn" name="Set Variable">
     <var>
      ${screenshotCount}
     </var>
     <arg>
      ${PABOTQUEUEINDEX}_1
     </arg>
     <doc>
      Returns the given values which can then be assigned to a variables.
     </doc>
     <msg level="INFO" timestamp="20240405 11:16:25.323">
      ${screenshotCount} = 0_1
     </msg>
     <status endtime="20240405 11:16:25.323" starttime="20240405 11:16:25.323" status="PASS"/>
    </kw>
    <kw library="BuiltIn" name="Set Global Variable">
     <arg>
      ${screenshotCount}
     </arg>
     <doc>
      Makes a variable available globally in all tests and suites.
     </doc>
     <msg level="INFO" timestamp="20240405 11:16:25.323">
      ${screenshotCount} = 0_1
     </msg>
     <status endtime="20240405 11:16:25.323" starttime="20240405 11:16:25.323" status="PASS"/>
    </kw>
    <kw library="Support" name="Set up screenshot directory">
     <kw library="OperatingSystem" name="Create Directory">
      <arg>
       ${OUTPUTDIR}${/}${wvar('screenshot_dir')}
      </arg>
      <doc>
       Creates the specified directory.
      </doc>
      <msg level="INFO" timestamp="20240405 11:16:25.323">
       Web.Dev.screenshot_dir: Screenshot
      </msg>
      <msg html="true" level="INFO" timestamp="20240405 11:16:25.323">
       Created directory '&lt;a href="file://C:\RobotFramework\sap_testing\Output\7308f2f3-3477-46b7-b49b-99ec470f9df2\pabot_results\0\Screenshot"&gt;C:\RobotFramework\sap_testing\Output\7308f2f3-3477-46b7-b49b-99ec470f9df2\pabot_results\0\Screenshot&lt;/a&gt;'.
      </msg>
      <status endtime="20240405 11:16:25.323" starttime="20240405 11:16:25.323" status="PASS"/>
     </kw>
     <status endtime="20240405 11:16:25.323" starttime="20240405 11:16:25.323" status="PASS"/>
    </kw>
    <status endtime="20240405 11:16:25.323" starttime="20240405 11:16:25.323" status="PASS"/>
   </kw>
   <kw library="BuiltIn" name="Set Global Variable">
    <arg>
     ${screenshot_taking}
    </arg>
    <arg>
     ${True}
    </arg>
    <doc>
     Makes a variable available globally in all tests and suites.
    </doc>
    <msg level="INFO" timestamp="20240405 11:16:25.323">
     ${screenshot_taking} = True
    </msg>
    <status endtime="20240405 11:16:25.323" starttime="20240405 11:16:25.323" status="PASS"/>
   </kw>
   <kw library="Support" name="Setup linux execution">
    <kw library="BuiltIn" name="Run Keyword And Return Status">
     <var>
      ${web_test_check}
     </var>
     <arg>
      Variable Should Exist
     </arg>
     <arg>
      ${web_test}
     </arg>
     <doc>
      Runs the given keyword with given arguments and returns the status as a Boolean value.
     </doc>
     <kw library="BuiltIn" name="Variable Should Exist">
      <arg>
       ${web_test}
      </arg>
      <doc>
       Fails unless the given variable exists within the current scope.
      </doc>
      <status endtime="20240405 11:16:25.323" starttime="20240405 11:16:25.323" status="PASS"/>
     </kw>
     <msg level="INFO" timestamp="20240405 11:16:25.323">
      ${web_test_check} = True
     </msg>
     <status endtime="20240405 11:16:25.323" starttime="20240405 11:16:25.323" status="PASS"/>
    </kw>
    <kw library="BuiltIn" name="Run Keyword If">
     <arg>
      ${web_test_check}
     </arg>
     <arg>
      Setup Docker Execution Options
     </arg>
     <doc>
      Runs the given keyword with the given arguments, if ``condition`` is true.
     </doc>
     <kw library="Support_Web" name="Setup Docker Execution Options">
      <kw library="Support_Web" name="Setup Suite Metadata">
       <arg>
        ${browser}
       </arg>
       <kw library="BrowserSupport" name="Get Browser Metadata">
        <var>
         &amp;{browser_information}
        </var>
        <arg>
         browser=${browser}
        </arg>
        <doc>
         Fetches browser metadata information
:param browser: Name of the browser for which information is fetched
:param reload: Re-read the metadata based on the browser
:return: Browser metadata information, dict of format
            {"browser_version": browser version value,
             "driver_version": driver version value}
        </doc>
        <msg level="FAIL" timestamp="20240405 11:16:28.603">
         SessionNotCreatedException: Message: session not created: This version of ChromeDriver only supports Chrome version 121
Current browser version is 123.0.6312.106 with binary path C:\Program Files\Google\Chrome\Application\chrome.exe
Stacktrace:
	GetHandleVerifier [0x00007FF68B745E42+3538674]
	(No symbol) [0x00007FF68B364C02]
	(No symbol) [0x00007FF68B215AEB]
	(No symbol) [0x00007FF68B24C512]
	(No symbol) [0x00007FF68B24B872]
	(No symbol) [0x00007FF68B245106]
	(No symbol) [0x00007FF68B2421C8]
	(No symbol) [0x00007FF68B2894B9]
	(No symbol) [0x00007FF68B27EE53]
	(No symbol) [0x00007FF68B24F514]
	(No symbol) [0x00007FF68B250631]
	GetHandleVerifier [0x00007FF68B776CAD+3738973]
	GetHandleVerifier [0x00007FF68B7CC506+4089270]
	GetHandleVerifier [0x00007FF68B7C4823+4057299]
	GetHandleVerifier [0x00007FF68B495C49+720121]
	(No symbol) [0x00007FF68B37126F]
	(No symbol) [0x00007FF68B36C304]
	(No symbol) [0x00007FF68B36C432]
	(No symbol) [0x00007FF68B35BD04]
	BaseThreadInitThunk [0x00007FFFEA0984D4+20]
	RtlUserThreadStart [0x00007FFFEA511791+33]
        </msg>
        <status endtime="20240405 11:16:28.603" starttime="20240405 11:16:25.323" status="FAIL"/>
       </kw>
       <kw library="BuiltIn" name="Set Suite Metadata">
        <arg>
         test_browser_name
        </arg>
        <arg>
         ${browser}
        </arg>
        <doc>
         Sets metadata for the current test suite.
        </doc>
        <status endtime="20240405 11:16:28.603" starttime="20240405 11:16:28.603" status="NOT RUN"/>
       </kw>
       <kw library="BuiltIn" name="Set Suite Metadata">
        <arg>
         test_browser_version
        </arg>
        <arg>
         ${browser_information.browser_version}
        </arg>
        <doc>
         Sets metadata for the current test suite.
        </doc>
        <status endtime="20240405 11:16:28.603" starttime="20240405 11:16:28.603" status="NOT RUN"/>
       </kw>
       <kw library="BuiltIn" name="Set Suite Metadata">
        <arg>
         test_driver_version
        </arg>
        <arg>
         ${browser_information.driver_version}
        </arg>
        <doc>
         Sets metadata for the current test suite.
        </doc>
        <status endtime="20240405 11:16:28.603" starttime="20240405 11:16:28.603" status="NOT RUN"/>
       </kw>
       <status endtime="20240405 11:16:28.603" starttime="20240405 11:16:25.323" status="FAIL"/>
      </kw>
      <kw library="Support_Web" name="Setup Global Docker Execution Options">
       <status endtime="20240405 11:16:28.603" starttime="20240405 11:16:28.603" status="NOT RUN"/>
      </kw>
      <kw library="Support_Web" name="Create Webdriver for chrome preferences">
       <status endtime="20240405 11:16:28.603" starttime="20240405 11:16:28.603" status="NOT RUN"/>
      </kw>
      <status endtime="20240405 11:16:28.603" starttime="20240405 11:16:25.323" status="FAIL"/>
     </kw>
     <status endtime="20240405 11:16:28.603" starttime="20240405 11:16:25.323" status="FAIL"/>
    </kw>
    <status endtime="20240405 11:16:28.603" starttime="20240405 11:16:25.323" status="FAIL"/>
   </kw>
   <kw library="BuiltIn" name="Set Suite Metadata">
    <arg>
     environment
    </arg>
    <arg>
     ${test_server}
    </arg>
    <doc>
     Sets metadata for the current test suite.
    </doc>
    <status endtime="20240405 11:16:28.603" starttime="20240405 11:16:28.603" status="NOT RUN"/>
   </kw>
   <status endtime="20240405 11:16:28.603" starttime="20240405 11:16:25.307" status="FAIL"/>
  </kw>
  <suite id="s1-s1" name="Test STRUST" source="C:\RobotFramework\sap_testing\Tests\Test_STRUST.robot">
   <test id="s1-s1-t1" line="9" name="Executing STRUST">
    <tag>
     Regression
    </tag>
    <tag>
     STRUST
    </tag>
    <status endtime="20240405 11:16:28.603" starttime="20240405 11:16:28.603" status="FAIL">
     Parent suite setup failed:
SessionNotCreatedException: Message: session not created: This version of ChromeDriver only supports Chrome version 121
Current browser version is 123.0.6312.106 with binary path C:\Program Files\Google\Chrome\Application\chrome.exe
Stacktrace:
	GetHandleVerifier [0x00007FF68B745E42+3538674]
	(No symbol) [0x00007FF68B364C02]
	(No symbol) [0x00007FF68B215AEB]
	(No symbol) [0x00007FF68B24C512]
	(No symbol) [0x00007FF68B24B872]
	(No symbol) [0x00007FF68B245106]
	(No symbol) [0x00007FF68B2421C8]
	(No symbol) [0x00007FF68B2894B9]
	(No symbol) [0x00007FF68B27EE53]
	(No symbol) [0x00007FF68B24F514]
	(No symbol) [0x00007FF68B250631]
	GetHandleVerifier [0x00007FF68B776CAD+3738973]
	GetHandleVerifier [0x00007FF68B7CC506+4089270]
	GetHandleVerifier [0x00007FF68B7C4823+4057299]
	GetHandleVerifier [0x00007FF68B495C49+720121]
	(No symbol) [0x00007FF68B37126F]
	(No symbol) [0x00007FF68B36C304]
	(No symbol) [0x00007FF68B36C432]
	(No symbol) [0x00007FF68B35BD04]
	BaseThreadInitThunk [0x00007FFFEA0984D4+20]
	RtlUserThreadStart [0x00007FFFEA511791+33]
    </status>
   </test>
   <status endtime="20240405 11:16:28.603" starttime="20240405 11:16:28.603" status="FAIL">
    Parent suite setup failed:
SessionNotCreatedException: Message: session not created: This version of ChromeDriver only supports Chrome version 121
Current browser version is 123.0.6312.106 with binary path C:\Program Files\Google\Chrome\Application\chrome.exe
Stacktrace:
	GetHandleVerifier [0x00007FF68B745E42+3538674]
	(No symbol) [0x00007FF68B364C02]
	(No symbol) [0x00007FF68B215AEB]
	(No symbol) [0x00007FF68B24C512]
	(No symbol) [0x00007FF68B24B872]
	(No symbol) [0x00007FF68B245106]
	(No symbol) [0x00007FF68B2421C8]
	(No symbol) [0x00007FF68B2894B9]
	(No symbol) [0x00007FF68B27EE53]
	(No symbol) [0x00007FF68B24F514]
	(No symbol) [0x00007FF68B250631]
	GetHandleVerifier [0x00007FF68B776CAD+3738973]
	GetHandleVerifier [0x00007FF68B7CC506+4089270]
	GetHandleVerifier [0x00007FF68B7C4823+4057299]
	GetHandleVerifier [0x00007FF68B495C49+720121]
	(No symbol) [0x00007FF68B37126F]
	(No symbol) [0x00007FF68B36C304]
	(No symbol) [0x00007FF68B36C432]
	(No symbol) [0x00007FF68B35BD04]
	BaseThreadInitThunk [0x00007FFFEA0984D4+20]
	RtlUserThreadStart [0x00007FFFEA511791+33]
   </status>
  </suite>
  <doc>
   Testing functionality through Robot Framework
  </doc>
  <meta name="test_environment">
   Dev
  </meta>
  <meta name="test_freeze_dependencies">
   astroid==3.1.0,attrs==23.2.0,beautifulsoup4==4.12.3,bs4==0.0.2,certifi==2024.2.2,cffi==1.16.0,chardet==5.2.0,charset-normalizer==3.3.2,click==8.1.7,colorama==0.4.6,cryptography==42.0.5,defusedxml==0.7.1,dill==0.3.8,docutils==0.20.1,exceptiongroup==1.2.0,gitdb==4.0.11,GitPython==3.1.43,h11==0.14.0,idna==3.6,isort==5.13.2,Jinja2==3.1.3,jira==3.8.0,jsonpath-ng==1.6.1,jsonschema==4.21.1,jsonschema-specifications==2023.12.1,lazy-object-proxy==1.10.0,lxml==5.2.1,markdown-it-py==3.0.0,MarkupSafe==2.1.5,mccabe==0.7.0,mdurl==0.1.2,natsort==8.4.0,oauthlib==3.2.2,outcome==1.3.0.post0,packaging==24.0,pathspec==0.11.2,pillow==10.3.0,pip==24.0,platformdirs==4.2.0,ply==3.11,pycparser==2.22,Pygments==2.17.2,pylint==3.1.0,PySocks==1.7.1,pywin32==306,PyYAML==6.0.1,referencing==0.34.0,requests==2.31.0,requests-oauthlib==2.0.0,requests-toolbelt==1.0.0,rich==13.7.1,rich-click==1.6.1,robotframework==6.0.2,robotframework-datadriver==1.9.0,robotframework-jsonlibrary==0.5,robotframework-pabot==2.16.0,robotframework-pythonlibcore==4.2.0,robotframework-requests==0.9.2,robotframework-sapguilibrary==1.1,robotframework-seleniumlibrary==5.1.3,robotframework-stacktrace==0.4.1,robotframework-tidy==4.5.0,rpds-py==0.18.0,selenium==4.9.1,setuptools==69.2.0,smmap==5.0.1,sniffio==1.3.1,sortedcontainers==2.4.0,soupsieve==2.5,tomli==2.0.1,tomlkit==0.12.4,trio==0.25.0,trio-websocket==0.11.1,typing_extensions==4.10.0,urllib3==2.2.1,wheel==0.43.0,wrapt==1.16.0,wsproto==1.2.0
  </meta>
  <status endtime="20240405 11:16:29.009" starttime="20240405 11:16:25.057" status="FAIL">
   Suite setup failed:
SessionNotCreatedException: Message: session not created: This version of ChromeDriver only supports Chrome version 121
Current browser version is 123.0.6312.106 with binary path C:\Program Files\Google\Chrome\Application\chrome.exe
Stacktrace:
	GetHandleVerifier [0x00007FF68B745E42+3538674]
	(No symbol) [0x00007FF68B364C02]
	(No symbol) [0x00007FF68B215AEB]
	(No symbol) [0x00007FF68B24C512]
	(No symbol) [0x00007FF68B24B872]
	(No symbol) [0x00007FF68B245106]
	(No symbol) [0x00007FF68B2421C8]
	(No symbol) [0x00007FF68B2894B9]
	(No symbol) [0x00007FF68B27EE53]
	(No symbol) [0x00007FF68B24F514]
	(No symbol) [0x00007FF68B250631]
	GetHandleVerifier [0x00007FF68B776CAD+3738973]
	GetHandleVerifier [0x00007FF68B7CC506+4089270]
	GetHandleVerifier [0x00007FF68B7C4823+4057299]
	GetHandleVerifier [0x00007FF68B495C49+720121]
	(No symbol) [0x00007FF68B37126F]
	(No symbol) [0x00007FF68B36C304]
	(No symbol) [0x00007FF68B36C432]
	(No symbol) [0x00007FF68B35BD04]
	BaseThreadInitThunk [0x00007FFFEA0984D4+20]
	RtlUserThreadStart [0x00007FFFEA511791+33]
  </status>
 </suite>
 <statistics>
  <total>
   <stat fail="1" pass="0" skip="0">
    All Tests
   </stat>
  </total>
  <tag>
   <stat fail="1" pass="0" skip="0">
    Regression
   </stat>
   <stat fail="1" pass="0" skip="0">
    STRUST
   </stat>
  </tag>
  <suite>
   <stat fail="1" id="s1" name="Tests" pass="0" skip="0">
    Tests
   </stat>
   <stat fail="1" id="s1-s1" name="Test STRUST" pass="0" skip="0">
    Tests.Test STRUST
   </stat>
  </suite>
 </statistics>
 <errors>
 </errors>
</robot>
